#
# There is insufficient memory for the Java Runtime Environment to continue.
# Native memory allocation (malloc) failed to allocate 595136 bytes for Chunk::new
# Possible reasons:
#   The system is out of physical RAM or swap space
#   The process is running with CompressedOops enabled, and the Java Heap may be blocking the growth of the native heap
# Possible solutions:
#   Reduce memory load on the system
#   Increase physical memory or swap space
#   Check if swap backing store is full
#   Decrease Java heap size (-Xmx/-Xms)
#   Decrease number of Java threads
#   Decrease Java thread stack sizes (-Xss)
#   Set larger code cache with -XX:ReservedCodeCacheSize=
#   JVM is running with Unscaled Compressed Oops mode in which the Java heap is
#     placed in the first 4GB address space. The Java Heap base address is the
#     maximum limit for the native heap growth. Please use -XX:HeapBaseMinAddress
#     to set the Java Heap base and to place the Java Heap above 4GB virtual address.
# This output file may be truncated or incomplete.
#
#  Out of Memory Error (allocation.cpp:389), pid=7376, tid=0x0000000000000810
#
# JRE version: OpenJDK Runtime Environment (8.0_212-b04) (build 1.8.0_212-release-1586-b04)
# Java VM: OpenJDK 64-Bit Server VM (25.212-b04 mixed mode windows-amd64 compressed oops)
# Failed to write core dump. Minidumps are not enabled by default on client versions of Windows
#

---------------  T H R E A D  ---------------

Current thread (0x00000000163fd800):  JavaThread "C2 CompilerThread1" daemon [_thread_in_native, id=2064, stack(0x0000000017b50000,0x0000000017c50000)]

Stack: [0x0000000017b50000,0x0000000017c50000]
[error occurred during error reporting (printing stack bounds), id 0xc0000005]

Native frames: (J=compiled Java code, j=interpreted, Vv=VM code, C=native code)


Current CompileTask:
C2:  39496 10716 %     4       com.android.tools.r8.u.b.M0::a @ 197 (345 bytes)


---------------  P R O C E S S  ---------------

Java Threads: ( => current thread )
  0x000000001953d000 JavaThread "WorkerExecutor Queue" [_thread_in_native, id=8316, stack(0x0000000024960000,0x0000000024a60000)]
  0x000000001953a800 JavaThread "Cache worker for Java compile cache (C:\Users\basker\Desktop\gpay\.gradle\5.6.4\javaCompile)" [_thread_blocked, id=6904, stack(0x0000000023e60000,0x0000000023f60000)]
  0x0000000019536000 JavaThread "Cache worker for Java compile cache (C:\Users\basker\.gradle\caches\5.6.4\javaCompile)" [_thread_blocked, id=7260, stack(0x0000000023d60000,0x0000000023e60000)]
  0x000000001953b800 JavaThread "Cache worker for execution history cache (C:\Users\basker\Desktop\gpay\.gradle\5.6.4\executionHistory)" [_thread_blocked, id=1272, stack(0x0000000023c60000,0x0000000023d60000)]
  0x000000001c9e6800 JavaThread "Execution worker for ':' Thread 3" [_thread_in_native, id=4760, stack(0x0000000023960000,0x0000000023a60000)]
  0x000000001c9e7800 JavaThread "Execution worker for ':' Thread 2" [_thread_in_native, id=5100, stack(0x0000000023860000,0x0000000023960000)]
  0x000000001c9e6000 JavaThread "Execution worker for ':'" [_thread_blocked, id=12060, stack(0x00000000234b0000,0x00000000235b0000)]
  0x000000001c9e3800 JavaThread "Cache worker for file content cache (C:\Users\basker\Desktop\gpay\.gradle\5.6.4\fileContent)" [_thread_blocked, id=10676, stack(0x00000000233b0000,0x00000000234b0000)]
  0x000000001c9e5000 JavaThread "Cache worker for file content cache (C:\Users\basker\.gradle\caches\5.6.4\fileContent)" [_thread_blocked, id=7656, stack(0x00000000232b0000,0x00000000233b0000)]
  0x000000001c9dc000 JavaThread "Memory manager" [_thread_blocked, id=8444, stack(0x00000000231b0000,0x00000000232b0000)]
  0x000000001c9e0000 JavaThread "Cache worker for Build Output Cleanup Cache (C:\Users\basker\Desktop\gpay\.gradle\buildOutputCleanup)" [_thread_blocked, id=6276, stack(0x0000000021e50000,0x0000000021f50000)]
  0x000000001c9df000 JavaThread "Build operations Thread 4" [_thread_blocked, id=11856, stack(0x0000000021950000,0x0000000021a50000)]
  0x000000001c9da800 JavaThread "Build operations Thread 3" [_thread_blocked, id=10316, stack(0x0000000021850000,0x0000000021950000)]
  0x000000001c9e0800 JavaThread "Build operations Thread 2" [_thread_blocked, id=11616, stack(0x0000000021750000,0x0000000021850000)]
  0x000000001c9d9000 JavaThread "Build operations" [_thread_blocked, id=7468, stack(0x0000000021650000,0x0000000021750000)]
  0x000000001c9dd800 JavaThread "Cache worker for execution history cache (C:\Users\basker\.gradle\caches\5.6.4\executionHistory)" [_thread_blocked, id=5816, stack(0x0000000021550000,0x0000000021650000)]
  0x000000001c9db800 JavaThread "Cache worker for cache directory md-rule (C:\Users\basker\.gradle\caches\5.6.4\md-rule)" [_thread_blocked, id=6728, stack(0x0000000021340000,0x0000000021440000)]
  0x0000000019f4b800 JavaThread "Cache worker for cache directory md-supplier (C:\Users\basker\.gradle\caches\5.6.4\md-supplier)" [_thread_blocked, id=12260, stack(0x0000000021240000,0x0000000021340000)]
  0x0000000019f50000 JavaThread "Cache worker for file hash cache (C:\Users\basker\Desktop\gpay\.gradle\5.6.4\fileHashes)" [_thread_blocked, id=6992, stack(0x000000001f970000,0x000000001fa70000)]
  0x0000000019f4c000 JavaThread "Cache worker for journal cache (C:\Users\basker\.gradle\caches\journal-1)" [_thread_blocked, id=5128, stack(0x000000001c170000,0x000000001c270000)]
  0x0000000019f4e800 JavaThread "File lock request listener" [_thread_in_native, id=4404, stack(0x000000001c070000,0x000000001c170000)]
  0x0000000019f4f000 JavaThread "Cache worker for file hash cache (C:\Users\basker\.gradle\caches\5.6.4\fileHashes)" [_thread_blocked, id=9972, stack(0x000000001bf70000,0x000000001c070000)]
  0x0000000019da9800 JavaThread "Thread-9" [_thread_blocked, id=9640, stack(0x000000001bc70000,0x000000001bd70000)]
  0x0000000019da4800 JavaThread "Stdin handler" [_thread_blocked, id=11048, stack(0x000000001bb70000,0x000000001bc70000)]
  0x0000000019db1000 JavaThread "Asynchronous log dispatcher for DefaultDaemonConnection: socket connection from /127.0.0.1:51767 to /127.0.0.1:51768" [_thread_blocked, id=10520, stack(0x000000001ba70000,0x000000001bb70000)]
  0x0000000019db0000 JavaThread "Daemon worker" [_thread_in_Java, id=7944, stack(0x000000001b970000,0x000000001ba70000)]
  0x0000000019daf800 JavaThread "Cancel handler" [_thread_blocked, id=7396, stack(0x000000001b870000,0x000000001b970000)]
  0x0000000019e37800 JavaThread "Handler for socket connection from /127.0.0.1:51767 to /127.0.0.1:51768" [_thread_in_native, id=11756, stack(0x000000001b570000,0x000000001b670000)]
  0x0000000019e34800 JavaThread "Daemon" [_thread_blocked, id=8092, stack(0x000000001b470000,0x000000001b570000)]
  0x0000000019ddc000 JavaThread "Daemon periodic checks" [_thread_blocked, id=11652, stack(0x000000001b370000,0x000000001b470000)]
  0x0000000019dd4800 JavaThread "Incoming local TCP Connector on port 51767" [_thread_in_native, id=10704, stack(0x000000001b130000,0x000000001b230000)]
  0x0000000019d43800 JavaThread "Daemon health stats" [_thread_blocked, id=10048, stack(0x000000001aaf0000,0x000000001abf0000)]
  0x0000000017d70800 JavaThread "Service Thread" daemon [_thread_blocked, id=5268, stack(0x0000000018150000,0x0000000018250000)]
  0x000000001640a000 JavaThread "C1 CompilerThread2" daemon [_thread_in_native, id=208, stack(0x0000000017c50000,0x0000000017d50000)]
=>0x00000000163fd800 JavaThread "C2 CompilerThread1" daemon [_thread_in_native, id=2064, stack(0x0000000017b50000,0x0000000017c50000)]
  0x00000000163fa000 JavaThread "C2 CompilerThread0" daemon [_thread_in_native, id=3412, stack(0x0000000017a50000,0x0000000017b50000)]
  0x0000000016407800 JavaThread "Attach Listener" daemon [_thread_blocked, id=9156, stack(0x0000000017950000,0x0000000017a50000)]
  0x0000000016406800 JavaThread "Signal Dispatcher" daemon [_thread_blocked, id=6828, stack(0x0000000017850000,0x0000000017950000)]
  0x00000000029ec800 JavaThread "Finalizer" daemon [_thread_blocked, id=1980, stack(0x0000000017650000,0x0000000017750000)]
  0x00000000163e9000 JavaThread "Reference Handler" daemon [_thread_blocked, id=1300, stack(0x0000000017550000,0x0000000017650000)]
  0x0000000002a8e000 JavaThread "main" [_thread_blocked, id=12256, stack(0x00000000027c0000,0x00000000028c0000)]

Other Threads:
  0x00000000163c6800 VMThread [stack: 0x0000000017450000,0x0000000017550000] [id=7428]
  0x0000000017d73000 WatcherThread [stack: 0x0000000018250000,0x0000000018350000] [id=896]

VM state:not at safepoint (normal execution)

VM Mutex/Monitor currently owned by a thread: None

heap address: 0x00000000a0000000, size: 1536 MB, Compressed Oops mode: 32-bit
Narrow klass base: 0x0000000000000000, Narrow klass shift: 3
Compressed class space size: 1073741824 Address: 0x0000000100000000

Heap:
 PSYoungGen      total 143360K, used 5628K [0x00000000e0000000, 0x00000000e9c80000, 0x0000000100000000)
  eden space 128000K, 4% used [0x00000000e0000000,0x00000000e057f3f8,0x00000000e7d00000)
  from space 15360K, 0% used [0x00000000e7e80000,0x00000000e7e80000,0x00000000e8d80000)
  to   space 10240K, 0% used [0x00000000e9280000,0x00000000e9280000,0x00000000e9c80000)
 ParOldGen       total 92672K, used 52896K [0x00000000a0000000, 0x00000000a5a80000, 0x00000000e0000000)
  object space 92672K, 57% used [0x00000000a0000000,0x00000000a33a8190,0x00000000a5a80000)
 Metaspace       used 75252K, capacity 78309K, committed 79104K, reserved 1120256K
  class space    used 10217K, capacity 10825K, committed 11008K, reserved 1048576K

Card table byte_map: [0x0000000011e50000,0x0000000012160000] byte_map_base: 0x0000000011950000

Marking Bits: (ParMarkBitMap*) 0x00000000575a9f30
 Begin Bits: [0x0000000012760000, 0x0000000013f60000)
 End Bits:   [0x0000000013f60000, 0x0000000015760000)

Polling page: 0x00000000007f0000

CodeCache: size=245760Kb used=31403Kb max_used=31403Kb free=214356Kb
 bounds [0x0000000002a90000, 0x0000000004960000, 0x0000000011a90000]
 total_blobs=10653 nmethods=9818 adapters=744
 compilation: enabled

Compilation events (10 events):
Event: 39.382 Thread 0x00000000163fa000 nmethod 10949 0x00000000048df710 code [0x00000000048df8a0, 0x00000000048dfd38]
Event: 39.382 Thread 0x00000000163fa000 11218       4       java.util.BitSet::checkInvariants (111 bytes)
Event: 39.383 Thread 0x00000000163fa000 nmethod 11218 0x00000000048becd0 code [0x00000000048bee00, 0x00000000048bee58]
Event: 39.383 Thread 0x00000000163fa000 11216       4       com.android.tools.r8.u.c.o::e (25 bytes)
Event: 39.388 Thread 0x00000000163fa000 nmethod 11216 0x00000000048e0350 code [0x00000000048e04c0, 0x00000000048e07b8]
Event: 39.388 Thread 0x00000000163fa000 11126       4       com.android.tools.r8.ir.regalloc.LinearScanRegisterAllocator::a (264 bytes)
Event: 39.417 Thread 0x000000001640a000 nmethod 11207 0x00000000048e0bd0 code [0x00000000048e2cc0, 0x00000000048f95b8]
Event: 39.417 Thread 0x000000001640a000 11212       3       com.android.tools.r8.ir.regalloc.LinearScanRegisterAllocator::a (1756 bytes)
Event: 39.445 Thread 0x000000001640a000 nmethod 11212 0x00000000049076d0 code [0x0000000004908c40, 0x0000000004918618]
Event: 39.445 Thread 0x000000001640a000 11228       3       com.android.tools.r8.ir.optimize.k::b (426 bytes)

GC Heap History (10 events):
Event: 23.442 GC heap before
{Heap before GC invocations=21 (full 3):
 PSYoungGen      total 129536K, used 115712K [0x00000000e0000000, 0x00000000ea100000, 0x0000000100000000)
  eden space 115712K, 100% used [0x00000000e0000000,0x00000000e7100000,0x00000000e7100000)
  from space 13824K, 0% used [0x00000000e7100000,0x00000000e7100000,0x00000000e7e80000)
  to   space 14848K, 0% used [0x00000000e9280000,0x00000000e9280000,0x00000000ea100000)
 ParOldGen       total 92672K, used 37621K [0x00000000a0000000, 0x00000000a5a80000, 0x00000000e0000000)
  object space 92672K, 40% used [0x00000000a0000000,0x00000000a24bd5a8,0x00000000a5a80000)
 Metaspace       used 59411K, capacity 61478K, committed 61696K, reserved 1101824K
  class space    used 8148K, capacity 8623K, committed 8704K, reserved 1048576K
Event: 23.476 GC heap after
Heap after GC invocations=21 (full 3):
 PSYoungGen      total 138240K, used 9762K [0x00000000e0000000, 0x00000000e9c80000, 0x0000000100000000)
  eden space 128000K, 0% used [0x00000000e0000000,0x00000000e0000000,0x00000000e7d00000)
  from space 10240K, 95% used [0x00000000e9280000,0x00000000e9c08be0,0x00000000e9c80000)
  to   space 15360K, 0% used [0x00000000e7e80000,0x00000000e7e80000,0x00000000e8d80000)
 ParOldGen       total 92672K, used 37629K [0x00000000a0000000, 0x00000000a5a80000, 0x00000000e0000000)
  object space 92672K, 40% used [0x00000000a0000000,0x00000000a24bf5a8,0x00000000a5a80000)
 Metaspace       used 59411K, capacity 61478K, committed 61696K, reserved 1101824K
  class space    used 8148K, capacity 8623K, committed 8704K, reserved 1048576K
}
Event: 32.829 GC heap before
{Heap before GC invocations=22 (full 3):
 PSYoungGen      total 138240K, used 137762K [0x00000000e0000000, 0x00000000e9c80000, 0x0000000100000000)
  eden space 128000K, 100% used [0x00000000e0000000,0x00000000e7d00000,0x00000000e7d00000)
  from space 10240K, 95% used [0x00000000e9280000,0x00000000e9c08be0,0x00000000e9c80000)
  to   space 15360K, 0% used [0x00000000e7e80000,0x00000000e7e80000,0x00000000e8d80000)
 ParOldGen       total 92672K, used 37629K [0x00000000a0000000, 0x00000000a5a80000, 0x00000000e0000000)
  object space 92672K, 40% used [0x00000000a0000000,0x00000000a24bf5a8,0x00000000a5a80000)
 Metaspace       used 65878K, capacity 68308K, committed 68608K, reserved 1107968K
  class space    used 8913K, capacity 9406K, committed 9472K, reserved 1048576K
Event: 32.888 GC heap after
Heap after GC invocations=22 (full 3):
 PSYoungGen      total 143360K, used 15349K [0x00000000e0000000, 0x00000000e9c80000, 0x0000000100000000)
  eden space 128000K, 0% used [0x00000000e0000000,0x00000000e0000000,0x00000000e7d00000)
  from space 15360K, 99% used [0x00000000e7e80000,0x00000000e8d7d730,0x00000000e8d80000)
  to   space 10240K, 0% used [0x00000000e9280000,0x00000000e9280000,0x00000000e9c80000)
 ParOldGen       total 92672K, used 41434K [0x00000000a0000000, 0x00000000a5a80000, 0x00000000e0000000)
  object space 92672K, 44% used [0x00000000a0000000,0x00000000a2876b48,0x00000000a5a80000)
 Metaspace       used 65878K, capacity 68308K, committed 68608K, reserved 1107968K
  class space    used 8913K, capacity 9406K, committed 9472K, reserved 1048576K
}
Event: 38.243 GC heap before
{Heap before GC invocations=23 (full 3):
 PSYoungGen      total 143360K, used 143349K [0x00000000e0000000, 0x00000000e9c80000, 0x0000000100000000)
  eden space 128000K, 100% used [0x00000000e0000000,0x00000000e7d00000,0x00000000e7d00000)
  from space 15360K, 99% used [0x00000000e7e80000,0x00000000e8d7d730,0x00000000e8d80000)
  to   space 10240K, 0% used [0x00000000e9280000,0x00000000e9280000,0x00000000e9c80000)
 ParOldGen       total 92672K, used 41434K [0x00000000a0000000, 0x00000000a5a80000, 0x00000000e0000000)
  object space 92672K, 44% used [0x00000000a0000000,0x00000000a2876b48,0x00000000a5a80000)
 Metaspace       used 74866K, capacity 78231K, committed 78336K, reserved 1118208K
  class space    used 10253K, capacity 10910K, committed 11008K, reserved 1048576K
Event: 38.279 GC heap after
Heap after GC invocations=23 (full 3):
 PSYoungGen      total 138240K, used 10228K [0x00000000e0000000, 0x00000000e9c80000, 0x0000000100000000)
  eden space 128000K, 0% used [0x00000000e0000000,0x00000000e0000000,0x00000000e7d00000)
  from space 10240K, 99% used [0x00000000e9280000,0x00000000e9c7d130,0x00000000e9c80000)
  to   space 15360K, 0% used [0x00000000e7e80000,0x00000000e7e80000,0x00000000e8d80000)
 ParOldGen       total 92672K, used 56928K [0x00000000a0000000, 0x00000000a5a80000, 0x00000000e0000000)
  object space 92672K, 61% used [0x00000000a0000000,0x00000000a37981b0,0x00000000a5a80000)
 Metaspace       used 74866K, capacity 78231K, committed 78336K, reserved 1118208K
  class space    used 10253K, capacity 10910K, committed 11008K, reserved 1048576K
}
Event: 38.963 GC heap before
{Heap before GC invocations=24 (full 3):
 PSYoungGen      total 138240K, used 46115K [0x00000000e0000000, 0x00000000e9c80000, 0x0000000100000000)
  eden space 128000K, 28% used [0x00000000e0000000,0x00000000e230bb90,0x00000000e7d00000)
  from space 10240K, 99% used [0x00000000e9280000,0x00000000e9c7d130,0x00000000e9c80000)
  to   space 15360K, 0% used [0x00000000e7e80000,0x00000000e7e80000,0x00000000e8d80000)
 ParOldGen       total 92672K, used 56928K [0x00000000a0000000, 0x00000000a5a80000, 0x00000000e0000000)
  object space 92672K, 61% used [0x00000000a0000000,0x00000000a37981b0,0x00000000a5a80000)
 Metaspace       used 75347K, capacity 78761K, committed 78848K, reserved 1122304K
  class space    used 10288K, capacity 10949K, committed 11008K, reserved 1048576K
Event: 38.984 GC heap after
Heap after GC invocations=24 (full 3):
 PSYoungGen      total 143360K, used 800K [0x00000000e0000000, 0x00000000e9c80000, 0x0000000100000000)
  eden space 128000K, 0% used [0x00000000e0000000,0x00000000e0000000,0x00000000e7d00000)
  from space 15360K, 5% used [0x00000000e7e80000,0x00000000e7f48000,0x00000000e8d80000)
  to   space 10240K, 0% used [0x00000000e9280000,0x00000000e9280000,0x00000000e9c80000)
 ParOldGen       total 92672K, used 66617K [0x00000000a0000000, 0x00000000a5a80000, 0x00000000e0000000)
  object space 92672K, 71% used [0x00000000a0000000,0x00000000a410e490,0x00000000a5a80000)
 Metaspace       used 75347K, capacity 78761K, committed 78848K, reserved 1122304K
  class space    used 10288K, capacity 10949K, committed 11008K, reserved 1048576K
}
Event: 38.984 GC heap before
{Heap before GC invocations=25 (full 4):
 PSYoungGen      total 143360K, used 800K [0x00000000e0000000, 0x00000000e9c80000, 0x0000000100000000)
  eden space 128000K, 0% used [0x00000000e0000000,0x00000000e0000000,0x00000000e7d00000)
  from space 15360K, 5% used [0x00000000e7e80000,0x00000000e7f48000,0x00000000e8d80000)
  to   space 10240K, 0% used [0x00000000e9280000,0x00000000e9280000,0x00000000e9c80000)
 ParOldGen       total 92672K, used 66617K [0x00000000a0000000, 0x00000000a5a80000, 0x00000000e0000000)
  object space 92672K, 71% used [0x00000000a0000000,0x00000000a410e490,0x00000000a5a80000)
 Metaspace       used 75347K, capacity 78761K, committed 78848K, reserved 1122304K
  class space    used 10288K, capacity 10949K, committed 11008K, reserved 1048576K
Event: 39.255 GC heap after
Heap after GC invocations=25 (full 4):
 PSYoungGen      total 143360K, used 0K [0x00000000e0000000, 0x00000000e9c80000, 0x0000000100000000)
  eden space 128000K, 0% used [0x00000000e0000000,0x00000000e0000000,0x00000000e7d00000)
  from space 15360K, 0% used [0x00000000e7e80000,0x00000000e7e80000,0x00000000e8d80000)
  to   space 10240K, 0% used [0x00000000e9280000,0x00000000e9280000,0x00000000e9c80000)
 ParOldGen       total 92672K, used 52896K [0x00000000a0000000, 0x00000000a5a80000, 0x00000000e0000000)
  object space 92672K, 57% used [0x00000000a0000000,0x00000000a33a8190,0x00000000a5a80000)
 Metaspace       used 75139K, capacity 78181K, committed 78848K, reserved 1120256K
  class space    used 10217K, capacity 10825K, committed 11008K, reserved 1048576K
}

Deoptimization events (10 events):
Event: 38.219 Thread 0x000000001c9e7800 Uncommon trap: reason=bimorphic action=maybe_recompile pc=0x00000000034995cc method=java.util.HashMap.removeNode(ILjava/lang/Object;Ljava/lang/Object;ZZ)Ljava/util/HashMap$Node; @ 68
Event: 38.219 Thread 0x000000001c9e7800 Uncommon trap: reason=bimorphic action=maybe_recompile pc=0x00000000034995cc method=java.util.HashMap.removeNode(ILjava/lang/Object;Ljava/lang/Object;ZZ)Ljava/util/HashMap$Node; @ 68
Event: 38.219 Thread 0x000000001c9e7800 Uncommon trap: reason=bimorphic action=maybe_recompile pc=0x00000000034995cc method=java.util.HashMap.removeNode(ILjava/lang/Object;Ljava/lang/Object;ZZ)Ljava/util/HashMap$Node; @ 68
Event: 38.498 Thread 0x000000001c9e6800 Uncommon trap: reason=unstable_if action=reinterpret pc=0x00000000038ba9e8 method=java.util.Arrays.equals([Ljava/lang/Object;[Ljava/lang/Object;)Z @ 47
Event: 38.524 Thread 0x000000001c9e7800 Uncommon trap: reason=unstable_if action=reinterpret pc=0x0000000004183e44 method=com.android.tools.r8.graph.d0.a([C)I @ 29
Event: 39.444 Thread 0x0000000019db0000 Uncommon trap: reason=bimorphic action=maybe_recompile pc=0x00000000047d92e0 method=com.android.tools.r8.u.b.i1.a(Lcom/android/tools/r8/ir/analysis/type/k;)Lcom/android/tools/r8/u/b/i1; @ 23
Event: 39.444 Thread 0x0000000019db0000 Uncommon trap: reason=bimorphic action=maybe_recompile pc=0x00000000047d92e0 method=com.android.tools.r8.u.b.i1.a(Lcom/android/tools/r8/ir/analysis/type/k;)Lcom/android/tools/r8/u/b/i1; @ 23
Event: 39.444 Thread 0x0000000019db0000 Uncommon trap: reason=bimorphic action=maybe_recompile pc=0x00000000047d92e0 method=com.android.tools.r8.u.b.i1.a(Lcom/android/tools/r8/ir/analysis/type/k;)Lcom/android/tools/r8/u/b/i1; @ 23
Event: 39.444 Thread 0x0000000019db0000 Uncommon trap: reason=bimorphic action=maybe_recompile pc=0x00000000047d92e0 method=com.android.tools.r8.u.b.i1.a(Lcom/android/tools/r8/ir/analysis/type/k;)Lcom/android/tools/r8/u/b/i1; @ 23
Event: 39.445 Thread 0x0000000019db0000 Uncommon trap: reason=bimorphic action=maybe_recompile pc=0x00000000047d20f8 method=com.android.tools.r8.u.b.i1.a(Lcom/android/tools/r8/ir/analysis/type/k;)Lcom/android/tools/r8/u/b/i1; @ 23

Classes redefined (0 events):
No events

Internal exceptions (10 events):
Event: 37.299 Thread 0x0000000019db0000 Exception <a 'java/lang/NoSuchMethodError': java.lang.Object.lambda$maxBy$1(Ljava/util/Comparator;Ljava/lang/Object;Ljava/lang/Object;)Ljava/lang/Object;> (0x00000000e4dca2b8) thrown at [D:\src\AOSP-openjdk-cygwin\jdk8u\hotspot\src\share\vm\interpreter\li
Event: 37.308 Thread 0x000000001c9e6800 Exception <a 'sun/nio/fs/WindowsException'> (0x00000000e506a608) thrown at [D:\src\AOSP-openjdk-cygwin\jdk8u\hotspot\src\share\vm\prims\jni.cpp, line 710]
Event: 37.604 Thread 0x000000001c9e6800 Exception <a 'sun/nio/fs/WindowsException'> (0x00000000e538a498) thrown at [D:\src\AOSP-openjdk-cygwin\jdk8u\hotspot\src\share\vm\prims\jni.cpp, line 710]
Event: 37.974 Thread 0x000000001c9e7800 Exception <a 'sun/nio/fs/WindowsException'> (0x00000000e6107310) thrown at [D:\src\AOSP-openjdk-cygwin\jdk8u\hotspot\src\share\vm\prims\jni.cpp, line 710]
Event: 38.048 Thread 0x000000001c9e6800 Exception <a 'sun/nio/fs/WindowsException'> (0x00000000e6a5b450) thrown at [D:\src\AOSP-openjdk-cygwin\jdk8u\hotspot\src\share\vm\prims\jni.cpp, line 710]
Event: 38.068 Thread 0x000000001c9e7800 Exception <a 'sun/nio/fs/WindowsException'> (0x00000000e6d8dfe0) thrown at [D:\src\AOSP-openjdk-cygwin\jdk8u\hotspot\src\share\vm\prims\jni.cpp, line 710]
Event: 38.128 Thread 0x000000001c9e6800 Exception <a 'sun/nio/fs/WindowsException'> (0x00000000e6a91cd8) thrown at [D:\src\AOSP-openjdk-cygwin\jdk8u\hotspot\src\share\vm\prims\jni.cpp, line 710]
Event: 38.384 Thread 0x000000001c9e6800 Exception <a 'sun/nio/fs/WindowsException'> (0x00000000e009ae70) thrown at [D:\src\AOSP-openjdk-cygwin\jdk8u\hotspot\src\share\vm\prims\jni.cpp, line 710]
Event: 38.502 Thread 0x000000001c9e6800 Exception <a 'sun/nio/fs/WindowsException'> (0x00000000e1170618) thrown at [D:\src\AOSP-openjdk-cygwin\jdk8u\hotspot\src\share\vm\prims\jni.cpp, line 710]
Event: 38.757 Thread 0x000000001c9e7800 Exception <a 'sun/nio/fs/WindowsException'> (0x00000000e1b11228) thrown at [D:\src\AOSP-openjdk-cygwin\jdk8u\hotspot\src\share\vm\prims\jni.cpp, line 710]

Events (10 events):
Event: 39.444 Thread 0x0000000019db0000 DEOPT UNPACKING pc=0x0000000002ad557b sp=0x000000001ba67dc8 mode 2
Event: 39.444 Thread 0x0000000019db0000 Uncommon trap: trap_request=0xffffffc6 fr.pc=0x00000000047d92e0
Event: 39.444 Thread 0x0000000019db0000 DEOPT PACKING pc=0x00000000047d92e0 sp=0x000000001ba68150
Event: 39.444 Thread 0x0000000019db0000 DEOPT UNPACKING pc=0x0000000002ad557b sp=0x000000001ba68098 mode 2
Event: 39.444 Thread 0x0000000019db0000 Uncommon trap: trap_request=0xffffffc6 fr.pc=0x00000000047d92e0
Event: 39.445 Thread 0x0000000019db0000 DEOPT PACKING pc=0x00000000047d92e0 sp=0x000000001ba680b0
Event: 39.445 Thread 0x0000000019db0000 DEOPT UNPACKING pc=0x0000000002ad557b sp=0x000000001ba67ff8 mode 2
Event: 39.445 Thread 0x0000000019db0000 Uncommon trap: trap_request=0xffffffc6 fr.pc=0x00000000047d20f8
Event: 39.445 Thread 0x0000000019db0000 DEOPT PACKING pc=0x00000000047d20f8 sp=0x000000001ba68040
Event: 39.445 Thread 0x0000000019db0000 DEOPT UNPACKING pc=0x0000000002ad557b sp=0x000000001ba67fe8 mode 2


Dynamic libraries:
0x00007ff61a420000 - 0x00007ff61a451000 	C:\Program Files\Android\Android Studio\jre\bin\java.exe
0x00007ffa7e540000 - 0x00007ffa7e72d000 	C:\WINDOWS\SYSTEM32\ntdll.dll
0x00007ffa7da90000 - 0x00007ffa7db43000 	C:\WINDOWS\System32\KERNEL32.DLL
0x00007ffa7b4c0000 - 0x00007ffa7b753000 	C:\WINDOWS\System32\KERNELBASE.dll
0x00007ffa7e2c0000 - 0x00007ffa7e363000 	C:\WINDOWS\System32\ADVAPI32.dll
0x00007ffa7b760000 - 0x00007ffa7b7fe000 	C:\WINDOWS\System32\msvcrt.dll
0x00007ffa7def0000 - 0x00007ffa7df8e000 	C:\WINDOWS\System32\sechost.dll
0x00007ffa7d4d0000 - 0x00007ffa7d5f2000 	C:\WINDOWS\System32\RPCRT4.dll
0x00007ffa7e370000 - 0x00007ffa7e507000 	C:\WINDOWS\System32\USER32.dll
0x00007ffa7a600000 - 0x00007ffa7a620000 	C:\WINDOWS\System32\win32u.dll
0x00007ffa7bbe0000 - 0x00007ffa7bc09000 	C:\WINDOWS\System32\GDI32.dll
0x00007ffa7a640000 - 0x00007ffa7a7d9000 	C:\WINDOWS\System32\gdi32full.dll
0x00007ffa7a9e0000 - 0x00007ffa7aa80000 	C:\WINDOWS\System32\msvcp_win.dll
0x00007ffa7a860000 - 0x00007ffa7a95a000 	C:\WINDOWS\System32\ucrtbase.dll
0x00007ffa68590000 - 0x00007ffa68809000 	C:\WINDOWS\WinSxS\amd64_microsoft.windows.common-controls_6595b64144ccf1df_6.0.17763.973_none_05b245900721eb81\COMCTL32.dll
0x00007ffa7d140000 - 0x00007ffa7d46c000 	C:\WINDOWS\System32\combase.dll
0x00007ffa7a7e0000 - 0x00007ffa7a85e000 	C:\WINDOWS\System32\bcryptPrimitives.dll
0x00007ffa7bc10000 - 0x00007ffa7bc3e000 	C:\WINDOWS\System32\IMM32.DLL
0x0000000056bf0000 - 0x0000000056cc2000 	C:\Program Files\Android\Android Studio\jre\jre\bin\msvcr100.dll
0x0000000056de0000 - 0x0000000057626000 	C:\Program Files\Android\Android Studio\jre\jre\bin\server\jvm.dll
0x00007ffa7bb50000 - 0x00007ffa7bb58000 	C:\WINDOWS\System32\PSAPI.DLL
0x00007ffa6bf80000 - 0x00007ffa6bf89000 	C:\WINDOWS\SYSTEM32\WSOCK32.dll
0x00007ffa7e230000 - 0x00007ffa7e29d000 	C:\WINDOWS\System32\WS2_32.dll
0x00007ffa786e0000 - 0x00007ffa78704000 	C:\WINDOWS\SYSTEM32\WINMM.dll
0x00007ffa6f390000 - 0x00007ffa6f39a000 	C:\WINDOWS\SYSTEM32\VERSION.dll
0x00007ffa786b0000 - 0x00007ffa786dd000 	C:\WINDOWS\SYSTEM32\WINMMBASE.dll
0x00007ffa7a960000 - 0x00007ffa7a9aa000 	C:\WINDOWS\System32\cfgmgr32.dll
0x00007ffa76b90000 - 0x00007ffa76b9f000 	C:\Program Files\Android\Android Studio\jre\jre\bin\verify.dll
0x00007ffa71c50000 - 0x00007ffa71c79000 	C:\Program Files\Android\Android Studio\jre\jre\bin\java.dll
0x00007ffa742e0000 - 0x00007ffa742f6000 	C:\Program Files\Android\Android Studio\jre\jre\bin\zip.dll
0x00007ffa7bc40000 - 0x00007ffa7d134000 	C:\WINDOWS\System32\SHELL32.dll
0x00007ffa7e180000 - 0x00007ffa7e228000 	C:\WINDOWS\System32\shcore.dll
0x00007ffa7ab30000 - 0x00007ffa7b27d000 	C:\WINDOWS\System32\windows.storage.dll
0x00007ffa7a590000 - 0x00007ffa7a5b4000 	C:\WINDOWS\System32\profapi.dll
0x00007ffa7a530000 - 0x00007ffa7a58d000 	C:\WINDOWS\System32\powrprof.dll
0x00007ffa7b800000 - 0x00007ffa7b852000 	C:\WINDOWS\System32\shlwapi.dll
0x00007ffa7a5c0000 - 0x00007ffa7a5d1000 	C:\WINDOWS\System32\kernel.appcore.dll
0x00007ffa7a620000 - 0x00007ffa7a637000 	C:\WINDOWS\System32\cryptsp.dll
0x00007ffa71e90000 - 0x00007ffa71eaa000 	C:\Program Files\Android\Android Studio\jre\jre\bin\net.dll
0x00007ffa74430000 - 0x00007ffa74607000 	C:\WINDOWS\SYSTEM32\urlmon.dll
0x00007ffa71220000 - 0x00007ffa714c8000 	C:\WINDOWS\SYSTEM32\iertutil.dll
0x00007ffa79f10000 - 0x00007ffa79f1c000 	C:\WINDOWS\SYSTEM32\CRYPTBASE.DLL
0x00007ffa79d40000 - 0x00007ffa79da7000 	C:\WINDOWS\system32\mswsock.dll
0x00007ffa71b40000 - 0x00007ffa71b53000 	C:\Program Files\Android\Android Studio\jre\jre\bin\nio.dll
0x00007ffa56dc0000 - 0x00007ffa56de6000 	C:\Users\basker\.gradle\native\30\windows-amd64\native-platform.dll
0x00007ffa71ce0000 - 0x00007ffa71ced000 	C:\Program Files\Android\Android Studio\jre\jre\bin\management.dll
0x00007ffa798c0000 - 0x00007ffa798f3000 	C:\WINDOWS\system32\rsaenh.dll
0x00007ffa7a9b0000 - 0x00007ffa7a9d6000 	C:\WINDOWS\System32\bcrypt.dll
0x00007ffa7a430000 - 0x00007ffa7a458000 	C:\WINDOWS\SYSTEM32\USERENV.dll
0x00007ffa79a60000 - 0x00007ffa79a9d000 	C:\WINDOWS\SYSTEM32\IPHLPAPI.DLL
0x00007ffa7b9e0000 - 0x00007ffa7b9e8000 	C:\WINDOWS\System32\NSI.dll
0x00007ffa714d0000 - 0x00007ffa714e6000 	C:\WINDOWS\SYSTEM32\dhcpcsvc6.DLL
0x00007ffa735b0000 - 0x00007ffa735cc000 	C:\WINDOWS\SYSTEM32\dhcpcsvc.DLL
0x00007ffa79aa0000 - 0x00007ffa79b66000 	C:\WINDOWS\SYSTEM32\DNSAPI.dll

VM Arguments:
jvm_args: -Xmx1536m -Dfile.encoding=windows-1252 -Duser.country=US -Duser.language=en -Duser.variant 
java_command: org.gradle.launcher.daemon.bootstrap.GradleDaemon 5.6.4
java_class_path (initial): C:\Users\basker\.gradle\wrapper\dists\gradle-5.6.4-all\ankdp27end7byghfw1q2sw75f\gradle-5.6.4\lib\gradle-launcher-5.6.4.jar
Launcher Type: SUN_STANDARD

Environment Variables:
PATH=C:\Program Files (x86)\Common Files\Oracle\Java\javapath;C:\Program Files (x86)\NVIDIA Corporation\PhysX\Common;C:\Program Files (x86)\Intel\iCLS Client\;C:\Program Files\Intel\iCLS Client\;C:\WINDOWS\system32;C:\WINDOWS;C:\WINDOWS\System32\Wbem;C:\WINDOWS\System32\WindowsPowerShell\v1.0\;C:\Program Files\Intel\Intel(R) Management Engine Components\DAL;C:\Program Files\Intel\Intel(R) Management Engine Components\IPT;C:\Program Files (x86)\Intel\Intel(R) Management Engine Components\DAL;C:\Program Files (x86)\Intel\Intel(R) Management Engine Components\IPT;C:\Program Files (x86)\Intel\OpenCL SDK\2.0\bin\x86;C:\Program Files (x86)\Intel\OpenCL SDK\2.0\bin\x64;C:\Program Files\Lenovo\Bluetooth Software\;C:\Program Files\Lenovo\Bluetooth Software\syswow64;C:\WINDOWS\System32\OpenSSH\;C:\Program Files\nodejs\;C:\Users\basker\AppData\Local\Android\Sdk\platforms;C:\Users\basker\AppData\Local\Android\Sdk\platform-tools;C:\Users\basker\.gradle\wrapper\dists\gradle-5.6.4-all\ankdp27end7byghfw1q2sw75f\gradle-5.6.4\bin;C:\Program Files\Git\cmd;C:\Program Files\MySQL\MySQL Shell 8.0\bin\;C:\Users\basker\AppData\Local\Microsoft\WindowsApps;C:\Users\basker\AppData\Roaming\npm;C:\Users\basker\AppData\Local\Programs\Microsoft VS Code\bin;C:\Users\basker\.gradle\wrapper\dists\gradle-5.6.4-all\ankdp27end7byghfw1q2sw75f\gradle-5.6.4\bin;
USERNAME=basker
OS=Windows_NT
PROCESSOR_IDENTIFIER=Intel64 Family 6 Model 58 Stepping 9, GenuineIntel



---------------  S Y S T E M  ---------------

OS: Windows 10.0 , 64 bit Build 17763 (10.0.17763.475)

CPU:total 4 (initial active 4) (2 cores per cpu, 2 threads per core) family 6 model 58 stepping 9, cmov, cx8, fxsr, mmx, sse, sse2, sse3, ssse3, sse4.1, sse4.2, popcnt, avx, aes, clmul, erms, ht, tsc, tscinvbit, tscinv

Memory: 4k page, physical 4056852k(305184k free), swap 5481236k(628k free)

vm_info: OpenJDK 64-Bit Server VM (25.212-b04) for windows-amd64 JRE (1.8.0_212-release-1586-b04), built by "builder" with MS VC++ 10.0 (VS2010)

time: Tue Jul 21 19:24:08 2020
timezone: India Standard Time
elapsed time: 39 seconds (0d 0h 0m 39s)

