#
# There is insufficient memory for the Java Runtime Environment to continue.
# Native memory allocation (malloc) failed to allocate 131088 bytes for Chunk::new
# Possible reasons:
#   The system is out of physical RAM or swap space
#   The process is running with CompressedOops enabled, and the Java Heap may be blocking the growth of the native heap
# Possible solutions:
#   Reduce memory load on the system
#   Increase physical memory or swap space
#   Check if swap backing store is full
#   Decrease Java heap size (-Xmx/-Xms)
#   Decrease number of Java threads
#   Decrease Java thread stack sizes (-Xss)
#   Set larger code cache with -XX:ReservedCodeCacheSize=
#   JVM is running with Unscaled Compressed Oops mode in which the Java heap is
#     placed in the first 4GB address space. The Java Heap base address is the
#     maximum limit for the native heap growth. Please use -XX:HeapBaseMinAddress
#     to set the Java Heap base and to place the Java Heap above 4GB virtual address.
# This output file may be truncated or incomplete.
#
#  Out of Memory Error (allocation.cpp:389), pid=7388, tid=0x0000000000001134
#
# JRE version: OpenJDK Runtime Environment (8.0_212-b04) (build 1.8.0_212-release-1586-b04)
# Java VM: OpenJDK 64-Bit Server VM (25.212-b04 mixed mode windows-amd64 compressed oops)
# Failed to write core dump. Minidumps are not enabled by default on client versions of Windows
#

---------------  T H R E A D  ---------------

Current thread (0x000000001630c800):  JavaThread "C2 CompilerThread1" daemon [_thread_in_native, id=4404, stack(0x0000000017a90000,0x0000000017b90000)]

Stack: [0x0000000017a90000,0x0000000017b90000]
[error occurred during error reporting (printing stack bounds), id 0xc0000005]

Native frames: (J=compiled Java code, j=interpreted, Vv=VM code, C=native code)


Current CompileTask:
C2:  86717 7963       4       org.objectweb.asm.ClassReader::readCode (5089 bytes)


---------------  P R O C E S S  ---------------

Java Threads: ( => current thread )
  0x000000001d258800 JavaThread "Execution worker for ':' Thread 3" [_thread_in_native, id=10520, stack(0x0000000024570000,0x0000000024670000)]
  0x0000000019ed7800 JavaThread "Execution worker for ':' Thread 2" [_thread_in_native, id=9640, stack(0x0000000024470000,0x0000000024570000)]
  0x0000000019ed3800 JavaThread "Execution worker for ':'" [_thread_in_native, id=9156, stack(0x0000000024370000,0x0000000024470000)]
  0x000000001c8a9800 JavaThread "Cache worker for file content cache (C:\Users\basker\Desktop\gpay\.gradle\5.6.4\fileContent)" [_thread_blocked, id=1980, stack(0x0000000024270000,0x0000000024370000)]
  0x000000001c8a8800 JavaThread "Cache worker for file content cache (C:\Users\basker\.gradle\caches\5.6.4\fileContent)" [_thread_blocked, id=9972, stack(0x0000000024170000,0x0000000024270000)]
  0x000000001c8a6800 JavaThread "Memory manager" [_thread_blocked, id=1428, stack(0x0000000024070000,0x0000000024170000)]
  0x000000001c8a3800 JavaThread "Cache worker for Build Output Cleanup Cache (C:\Users\basker\Desktop\gpay\.gradle\buildOutputCleanup)" [_thread_in_native, id=6828, stack(0x0000000023f70000,0x0000000024070000)]
  0x000000001c8a5800 JavaThread "Build operations Thread 4" [_thread_blocked, id=9100, stack(0x0000000023e70000,0x0000000023f70000)]
  0x000000001c8a5000 JavaThread "Build operations Thread 3" [_thread_blocked, id=5268, stack(0x0000000023d70000,0x0000000023e70000)]
  0x000000001c8a8000 JavaThread "Build operations Thread 2" [_thread_blocked, id=11708, stack(0x0000000023c70000,0x0000000023d70000)]
  0x000000001c8a4000 JavaThread "Build operations" [_thread_blocked, id=2064, stack(0x0000000023b70000,0x0000000023c70000)]
  0x000000001c89c000 JavaThread "Cache worker for cache directory md-rule (C:\Users\basker\.gradle\caches\5.6.4\md-rule)" [_thread_blocked, id=11432, stack(0x0000000023a70000,0x0000000023b70000)]
  0x000000001c8a2800 JavaThread "Cache worker for cache directory md-supplier (C:\Users\basker\.gradle\caches\5.6.4\md-supplier)" [_thread_blocked, id=1624, stack(0x0000000023970000,0x0000000023a70000)]
  0x000000001c89c800 JavaThread "Cache worker for file hash cache (C:\Users\basker\Desktop\gpay\.gradle\5.6.4\fileHashes)" [_thread_blocked, id=3308, stack(0x0000000023870000,0x0000000023970000)]
  0x000000001c89b000 JavaThread "Thread-29" [_thread_blocked, id=10912, stack(0x0000000023770000,0x0000000023870000)]
  0x000000001c8a2000 JavaThread "Stdin handler" [_thread_blocked, id=5032, stack(0x0000000023670000,0x0000000023770000)]
  0x000000001c89f800 JavaThread "Asynchronous log dispatcher for DefaultDaemonConnection: socket connection from /127.0.0.1:51711 to /127.0.0.1:51729" [_thread_blocked, id=896, stack(0x0000000023570000,0x0000000023670000)]
  0x000000001c89a800 JavaThread "Cancel handler" [_thread_blocked, id=5740, stack(0x0000000023470000,0x0000000023570000)]
  0x000000001c89f000 JavaThread "Handler for socket connection from /127.0.0.1:51711 to /127.0.0.1:51729" [_thread_in_native, id=11652, stack(0x0000000023370000,0x0000000023470000)]
  0x000000001c89e000 JavaThread "Cache worker for execution history cache (C:\Users\basker\.gradle\caches\5.6.4\executionHistory)" [_thread_blocked, id=3412, stack(0x0000000021470000,0x0000000021570000)]
  0x0000000019ed8000 JavaThread "Cache worker for journal cache (C:\Users\basker\.gradle\caches\journal-1)" [_thread_blocked, id=1300, stack(0x000000001c0b0000,0x000000001c1b0000)]
  0x0000000019ed5000 JavaThread "File lock request listener" [_thread_in_native, id=8092, stack(0x000000001bfb0000,0x000000001c0b0000)]
  0x0000000019ed6000 JavaThread "Cache worker for file hash cache (C:\Users\basker\.gradle\caches\5.6.4\fileHashes)" [_thread_blocked, id=9700, stack(0x000000001bcb0000,0x000000001bdb0000)]
  0x0000000019c49800 JavaThread "Daemon worker" [_thread_in_Java, id=2328, stack(0x000000001b8b0000,0x000000001b9b0000)]
  0x0000000019ba3000 JavaThread "Daemon" [_thread_blocked, id=11280, stack(0x000000001b3b0000,0x000000001b4b0000)]
  0x0000000019b7e000 JavaThread "Daemon periodic checks" [_thread_blocked, id=10048, stack(0x000000001b2b0000,0x000000001b3b0000)]
  0x0000000019b7d000 JavaThread "Incoming local TCP Connector on port 51711" [_thread_in_native, id=732, stack(0x000000001b070000,0x000000001b170000)]
  0x0000000019b1f800 JavaThread "Daemon health stats" [_thread_blocked, id=7944, stack(0x000000001aa30000,0x000000001ab30000)]
  0x000000001636e800 JavaThread "Service Thread" daemon [_thread_blocked, id=10704, stack(0x0000000018090000,0x0000000018190000)]
  0x0000000016313000 JavaThread "C1 CompilerThread2" daemon [_thread_blocked, id=9624, stack(0x0000000017b90000,0x0000000017c90000)]
=>0x000000001630c800 JavaThread "C2 CompilerThread1" daemon [_thread_in_native, id=4404, stack(0x0000000017a90000,0x0000000017b90000)]
  0x0000000016309000 JavaThread "C2 CompilerThread0" daemon [_thread_in_native, id=2584, stack(0x0000000017990000,0x0000000017a90000)]
  0x0000000016316800 JavaThread "Attach Listener" daemon [_thread_blocked, id=5788, stack(0x0000000017890000,0x0000000017990000)]
  0x0000000016315800 JavaThread "Signal Dispatcher" daemon [_thread_blocked, id=9376, stack(0x0000000017790000,0x0000000017890000)]
  0x000000000299b800 JavaThread "Finalizer" daemon [_thread_blocked, id=4024, stack(0x0000000017590000,0x0000000017690000)]
  0x00000000162f9000 JavaThread "Reference Handler" daemon [_thread_blocked, id=3328, stack(0x0000000017490000,0x0000000017590000)]
  0x000000000282e000 JavaThread "main" [_thread_blocked, id=7908, stack(0x0000000002720000,0x0000000002820000)]

Other Threads:
  0x00000000162d6800 VMThread [stack: 0x0000000017390000,0x0000000017490000] [id=6656]
  0x0000000017ccc800 WatcherThread [stack: 0x0000000018190000,0x0000000018290000] [id=4168]

VM state:not at safepoint (normal execution)

VM Mutex/Monitor currently owned by a thread: None

heap address: 0x00000000a0000000, size: 1536 MB, Compressed Oops mode: 32-bit
Narrow klass base: 0x0000000000000000, Narrow klass shift: 3
Compressed class space size: 1073741824 Address: 0x0000000100000000

Heap:
 PSYoungGen      total 156672K, used 36504K [0x00000000e0000000, 0x00000000ec300000, 0x0000000100000000)
  eden space 141824K, 15% used [0x00000000e0000000,0x00000000e1546c60,0x00000000e8a80000)
  from space 14848K, 99% used [0x00000000e8a80000,0x00000000e98df598,0x00000000e9900000)
  to   space 16896K, 0% used [0x00000000eb280000,0x00000000eb280000,0x00000000ec300000)
 ParOldGen       total 82432K, used 32597K [0x00000000a0000000, 0x00000000a5080000, 0x00000000e0000000)
  object space 82432K, 39% used [0x00000000a0000000,0x00000000a1fd57c8,0x00000000a5080000)
 Metaspace       used 64357K, capacity 66492K, committed 66688K, reserved 1107968K
  class space    used 8528K, capacity 9008K, committed 9088K, reserved 1048576K

Card table byte_map: [0x0000000011d60000,0x0000000012070000] byte_map_base: 0x0000000011860000

Marking Bits: (ParMarkBitMap*) 0x00000000575a9f30
 Begin Bits: [0x0000000012670000, 0x0000000013e70000)
 End Bits:   [0x0000000013e70000, 0x0000000015670000)

Polling page: 0x0000000000b70000

CodeCache: size=245760Kb used=22989Kb max_used=22989Kb free=222770Kb
 bounds [0x00000000029a0000, 0x0000000004030000, 0x00000000119a0000]
 total_blobs=7934 nmethods=7147 adapters=700
 compilation: enabled

Compilation events (10 events):
Event: 86.673 Thread 0x0000000016313000 8008       3       org.objectweb.asm.signature.SignatureWriter::visitTypeVariable (30 bytes)
Event: 86.675 Thread 0x0000000016313000 nmethod 8008 0x00000000040244d0 code [0x0000000004024700, 0x00000000040253a8]
Event: 86.677 Thread 0x0000000016313000 8009       3       org.objectweb.asm.ClassVisitor::visitSource (17 bytes)
Event: 86.677 Thread 0x0000000016313000 nmethod 8009 0x0000000004025c10 code [0x0000000004025d80, 0x0000000004025fe8]
Event: 86.677 Thread 0x0000000016313000 8010       3       org.objectweb.asm.ClassWriter::visitSource (39 bytes)
Event: 86.678 Thread 0x0000000016313000 nmethod 8010 0x00000000040260d0 code [0x0000000004026260, 0x0000000004026778]
Event: 86.682 Thread 0x0000000016313000 8011       3       com.android.tools.build.jetifier.core.type.JavaType$Companion::fromDotVersion (83 bytes)
Event: 86.684 Thread 0x0000000016313000 nmethod 8011 0x0000000004026950 code [0x0000000004026bc0, 0x0000000004027918]
Event: 86.685 Thread 0x0000000016313000 8012       3       org.objectweb.asm.MethodVisitor::visitIntInsn (17 bytes)
Event: 86.686 Thread 0x0000000016313000 nmethod 8012 0x0000000004027f10 code [0x0000000004028080, 0x00000000040282e8]

GC Heap History (10 events):
Event: 15.412 GC heap before
{Heap before GC invocations=18 (full 2):
 PSYoungGen      total 100864K, used 93184K [0x00000000e0000000, 0x00000000e8c80000, 0x0000000100000000)
  eden space 93184K, 100% used [0x00000000e0000000,0x00000000e5b00000,0x00000000e5b00000)
  from space 7680K, 0% used [0x00000000e5b00000,0x00000000e5b00000,0x00000000e6280000)
  to   space 7680K, 0% used [0x00000000e8500000,0x00000000e8500000,0x00000000e8c80000)
 ParOldGen       total 49664K, used 15917K [0x00000000a0000000, 0x00000000a3080000, 0x00000000e0000000)
  object space 49664K, 32% used [0x00000000a0000000,0x00000000a0f8b718,0x00000000a3080000)
 Metaspace       used 44498K, capacity 45446K, committed 45696K, reserved 1089536K
  class space    used 5997K, capacity 6259K, committed 6272K, reserved 1048576K
Event: 15.430 GC heap after
Heap after GC invocations=18 (full 2):
 PSYoungGen      total 129024K, used 7678K [0x00000000e0000000, 0x00000000e8c80000, 0x0000000100000000)
  eden space 121344K, 0% used [0x00000000e0000000,0x00000000e0000000,0x00000000e7680000)
  from space 7680K, 99% used [0x00000000e8500000,0x00000000e8c7fa48,0x00000000e8c80000)
  to   space 11264K, 0% used [0x00000000e7680000,0x00000000e7680000,0x00000000e8180000)
 ParOldGen       total 49664K, used 21877K [0x00000000a0000000, 0x00000000a3080000, 0x00000000e0000000)
  object space 49664K, 44% used [0x00000000a0000000,0x00000000a155d4e8,0x00000000a3080000)
 Metaspace       used 44498K, capacity 45446K, committed 45696K, reserved 1089536K
  class space    used 5997K, capacity 6259K, committed 6272K, reserved 1048576K
}
Event: 18.730 GC heap before
{Heap before GC invocations=19 (full 2):
 PSYoungGen      total 129024K, used 129022K [0x00000000e0000000, 0x00000000e8c80000, 0x0000000100000000)
  eden space 121344K, 100% used [0x00000000e0000000,0x00000000e7680000,0x00000000e7680000)
  from space 7680K, 99% used [0x00000000e8500000,0x00000000e8c7fa48,0x00000000e8c80000)
  to   space 11264K, 0% used [0x00000000e7680000,0x00000000e7680000,0x00000000e8180000)
 ParOldGen       total 49664K, used 21877K [0x00000000a0000000, 0x00000000a3080000, 0x00000000e0000000)
  object space 49664K, 44% used [0x00000000a0000000,0x00000000a155d4e8,0x00000000a3080000)
 Metaspace       used 52928K, capacity 54566K, committed 54912K, reserved 1095680K
  class space    used 7254K, capacity 7681K, committed 7808K, reserved 1048576K
Event: 18.758 GC heap after
Heap after GC invocations=19 (full 2):
 PSYoungGen      total 132608K, used 11234K [0x00000000e0000000, 0x00000000eac80000, 0x0000000100000000)
  eden space 121344K, 0% used [0x00000000e0000000,0x00000000e0000000,0x00000000e7680000)
  from space 11264K, 99% used [0x00000000e7680000,0x00000000e8178b90,0x00000000e8180000)
  to   space 15872K, 0% used [0x00000000e9d00000,0x00000000e9d00000,0x00000000eac80000)
 ParOldGen       total 49664K, used 29620K [0x00000000a0000000, 0x00000000a3080000, 0x00000000e0000000)
  object space 49664K, 59% used [0x00000000a0000000,0x00000000a1ced3a0,0x00000000a3080000)
 Metaspace       used 52928K, capacity 54566K, committed 54912K, reserved 1095680K
  class space    used 7254K, capacity 7681K, committed 7808K, reserved 1048576K
}
Event: 77.789 GC heap before
{Heap before GC invocations=20 (full 2):
 PSYoungGen      total 132608K, used 69021K [0x00000000e0000000, 0x00000000eac80000, 0x0000000100000000)
  eden space 121344K, 47% used [0x00000000e0000000,0x00000000e386eb40,0x00000000e7680000)
  from space 11264K, 99% used [0x00000000e7680000,0x00000000e8178b90,0x00000000e8180000)
  to   space 15872K, 0% used [0x00000000e9d00000,0x00000000e9d00000,0x00000000eac80000)
 ParOldGen       total 49664K, used 29620K [0x00000000a0000000, 0x00000000a3080000, 0x00000000e0000000)
  object space 49664K, 59% used [0x00000000a0000000,0x00000000a1ced3a0,0x00000000a3080000)
 Metaspace       used 57241K, capacity 59060K, committed 59096K, reserved 1099776K
  class space    used 7627K, capacity 8060K, committed 8064K, reserved 1048576K
Event: 77.885 GC heap after
Heap after GC invocations=20 (full 2):
 PSYoungGen      total 152576K, used 6152K [0x00000000e0000000, 0x00000000ea780000, 0x0000000100000000)
  eden space 141824K, 0% used [0x00000000e0000000,0x00000000e0000000,0x00000000e8a80000)
  from space 10752K, 57% used [0x00000000e9d00000,0x00000000ea3022f0,0x00000000ea780000)
  to   space 14848K, 0% used [0x00000000e8a80000,0x00000000e8a80000,0x00000000e9900000)
 ParOldGen       total 49664K, used 37746K [0x00000000a0000000, 0x00000000a3080000, 0x00000000e0000000)
  object space 49664K, 76% used [0x00000000a0000000,0x00000000a24dcad0,0x00000000a3080000)
 Metaspace       used 57241K, capacity 59060K, committed 59096K, reserved 1099776K
  class space    used 7627K, capacity 8060K, committed 8064K, reserved 1048576K
}
Event: 77.885 GC heap before
{Heap before GC invocations=21 (full 3):
 PSYoungGen      total 152576K, used 6152K [0x00000000e0000000, 0x00000000ea780000, 0x0000000100000000)
  eden space 141824K, 0% used [0x00000000e0000000,0x00000000e0000000,0x00000000e8a80000)
  from space 10752K, 57% used [0x00000000e9d00000,0x00000000ea3022f0,0x00000000ea780000)
  to   space 14848K, 0% used [0x00000000e8a80000,0x00000000e8a80000,0x00000000e9900000)
 ParOldGen       total 49664K, used 37746K [0x00000000a0000000, 0x00000000a3080000, 0x00000000e0000000)
  object space 49664K, 76% used [0x00000000a0000000,0x00000000a24dcad0,0x00000000a3080000)
 Metaspace       used 57241K, capacity 59060K, committed 59096K, reserved 1099776K
  class space    used 7627K, capacity 8060K, committed 8064K, reserved 1048576K
Event: 78.432 GC heap after
Heap after GC invocations=21 (full 3):
 PSYoungGen      total 152576K, used 0K [0x00000000e0000000, 0x00000000ea780000, 0x0000000100000000)
  eden space 141824K, 0% used [0x00000000e0000000,0x00000000e0000000,0x00000000e8a80000)
  from space 10752K, 0% used [0x00000000e9d00000,0x00000000e9d00000,0x00000000ea780000)
  to   space 14848K, 0% used [0x00000000e8a80000,0x00000000e8a80000,0x00000000e9900000)
 ParOldGen       total 82432K, used 32589K [0x00000000a0000000, 0x00000000a5080000, 0x00000000e0000000)
  object space 82432K, 39% used [0x00000000a0000000,0x00000000a1fd37c8,0x00000000a5080000)
 Metaspace       used 57241K, capacity 59060K, committed 59096K, reserved 1099776K
  class space    used 7627K, capacity 8060K, committed 8064K, reserved 1048576K
}
Event: 86.143 GC heap before
{Heap before GC invocations=22 (full 3):
 PSYoungGen      total 152576K, used 141824K [0x00000000e0000000, 0x00000000ea780000, 0x0000000100000000)
  eden space 141824K, 100% used [0x00000000e0000000,0x00000000e8a80000,0x00000000e8a80000)
  from space 10752K, 0% used [0x00000000e9d00000,0x00000000e9d00000,0x00000000ea780000)
  to   space 14848K, 0% used [0x00000000e8a80000,0x00000000e8a80000,0x00000000e9900000)
 ParOldGen       total 82432K, used 32589K [0x00000000a0000000, 0x00000000a5080000, 0x00000000e0000000)
  object space 82432K, 39% used [0x00000000a0000000,0x00000000a1fd37c8,0x00000000a5080000)
 Metaspace       used 64272K, capacity 66428K, committed 66688K, reserved 1107968K
  class space    used 8527K, capacity 9008K, committed 9088K, reserved 1048576K
Event: 86.186 GC heap after
Heap after GC invocations=22 (full 3):
 PSYoungGen      total 156672K, used 14717K [0x00000000e0000000, 0x00000000ec300000, 0x0000000100000000)
  eden space 141824K, 0% used [0x00000000e0000000,0x00000000e0000000,0x00000000e8a80000)
  from space 14848K, 99% used [0x00000000e8a80000,0x00000000e98df598,0x00000000e9900000)
  to   space 16896K, 0% used [0x00000000eb280000,0x00000000eb280000,0x00000000ec300000)
 ParOldGen       total 82432K, used 32597K [0x00000000a0000000, 0x00000000a5080000, 0x00000000e0000000)
  object space 82432K, 39% used [0x00000000a0000000,0x00000000a1fd57c8,0x00000000a5080000)
 Metaspace       used 64272K, capacity 66428K, committed 66688K, reserved 1107968K
  class space    used 8527K, capacity 9008K, committed 9088K, reserved 1048576K
}

Deoptimization events (10 events):
Event: 83.422 Thread 0x000000001d258800 Uncommon trap: reason=class_check action=maybe_recompile pc=0x0000000003c97490 method=java.io.BufferedInputStream.read1([BII)I @ 39
Event: 83.422 Thread 0x0000000019ed3800 Uncommon trap: reason=class_check action=maybe_recompile pc=0x0000000002ec5234 method=java.io.BufferedInputStream.read1([BII)I @ 39
Event: 83.439 Thread 0x0000000019ed7800 Uncommon trap: reason=unstable_if action=reinterpret pc=0x0000000003cf4f2c method=kotlin.text.StringsKt__StringsKt.contains(Ljava/lang/CharSequence;CZ)Z @ 16
Event: 83.938 Thread 0x0000000019c49800 Uncommon trap: reason=class_check action=maybe_recompile pc=0x00000000032611c8 method=java.util.regex.Matcher.search(I)Z @ 86
Event: 83.977 Thread 0x0000000019c49800 Uncommon trap: reason=unstable_if action=reinterpret pc=0x0000000002da3660 method=com.sun.org.apache.xerces.internal.utils.XMLSecurityManager.isOverLimit(ILcom/sun/org/apache/xerces/internal/utils/XMLLimitAnalyzer;)Z @ 28
Event: 84.297 Thread 0x0000000019c49800 Uncommon trap: reason=class_check action=maybe_recompile pc=0x00000000032611c8 method=java.util.regex.Matcher.search(I)Z @ 86
Event: 85.031 Thread 0x0000000019c49800 Uncommon trap: reason=class_check action=maybe_recompile pc=0x00000000032611c8 method=java.util.regex.Matcher.search(I)Z @ 86
Event: 85.108 Thread 0x0000000019ed3800 Uncommon trap: reason=unstable_if action=reinterpret pc=0x0000000003ee8114 method=java.util.concurrent.ConcurrentLinkedQueue.offer(Ljava/lang/Object;)Z @ 91
Event: 85.250 Thread 0x0000000019c49800 Uncommon trap: reason=class_check action=maybe_recompile pc=0x0000000003a0d79c method=java.util.regex.Matcher.search(I)Z @ 86
Event: 86.186 Thread 0x0000000019c49800 Uncommon trap: reason=unstable_if action=reinterpret pc=0x0000000002b11138 method=sun.nio.fs.WindowsPathParser.isSlash(C)Z @ 9

Classes redefined (0 events):
No events

Internal exceptions (10 events):
Event: 85.172 Thread 0x0000000019c49800 Exception <a 'sun/nio/fs/WindowsException'> (0x00000000e781fa68) thrown at [D:\src\AOSP-openjdk-cygwin\jdk8u\hotspot\src\share\vm\prims\jni.cpp, line 710]
Event: 85.296 Thread 0x0000000019ed3800 Exception <a 'sun/nio/fs/WindowsException'> (0x00000000e7a5a120) thrown at [D:\src\AOSP-openjdk-cygwin\jdk8u\hotspot\src\share\vm\prims\jni.cpp, line 710]
Event: 85.312 Thread 0x000000001d258800 Exception <a 'sun/nio/fs/WindowsException'> (0x00000000e7ad6ef8) thrown at [D:\src\AOSP-openjdk-cygwin\jdk8u\hotspot\src\share\vm\prims\jni.cpp, line 710]
Event: 85.696 Thread 0x0000000019c49800 Exception <a 'sun/nio/fs/WindowsException'> (0x00000000e824c9c0) thrown at [D:\src\AOSP-openjdk-cygwin\jdk8u\hotspot\src\share\vm\prims\jni.cpp, line 710]
Event: 85.877 Thread 0x0000000019c49800 Exception <a 'sun/nio/fs/WindowsException'> (0x00000000e826b048) thrown at [D:\src\AOSP-openjdk-cygwin\jdk8u\hotspot\src\share\vm\prims\jni.cpp, line 710]
Event: 85.975 Thread 0x0000000019ed7800 Exception <a 'sun/nio/fs/WindowsException'> (0x00000000e84beb98) thrown at [D:\src\AOSP-openjdk-cygwin\jdk8u\hotspot\src\share\vm\prims\jni.cpp, line 710]
Event: 86.021 Thread 0x0000000019ed3800 Exception <a 'sun/nio/fs/WindowsException'> (0x00000000e7f17980) thrown at [D:\src\AOSP-openjdk-cygwin\jdk8u\hotspot\src\share\vm\prims\jni.cpp, line 710]
Event: 86.040 Thread 0x000000001d258800 Exception <a 'sun/nio/fs/WindowsException'> (0x00000000e8494d98) thrown at [D:\src\AOSP-openjdk-cygwin\jdk8u\hotspot\src\share\vm\prims\jni.cpp, line 710]
Event: 86.195 Thread 0x0000000019ed7800 Exception <a 'sun/nio/fs/WindowsException'> (0x00000000e03187a0) thrown at [D:\src\AOSP-openjdk-cygwin\jdk8u\hotspot\src\share\vm\prims\jni.cpp, line 710]
Event: 86.315 Thread 0x0000000019ed3800 Exception <a 'sun/nio/fs/WindowsException'> (0x00000000e0028be8) thrown at [D:\src\AOSP-openjdk-cygwin\jdk8u\hotspot\src\share\vm\prims\jni.cpp, line 710]

Events (10 events):
Event: 86.256 Thread 0x0000000016313000 flushing nmethod 0x0000000003761b90
Event: 86.257 Thread 0x0000000016313000 flushing nmethod 0x00000000037c5b10
Event: 86.257 Thread 0x0000000016313000 flushing nmethod 0x00000000037fb410
Event: 86.257 Thread 0x0000000016313000 flushing nmethod 0x000000000380ef10
Event: 86.259 Thread 0x0000000016313000 flushing nmethod 0x00000000039b44d0
Event: 86.259 Thread 0x0000000016313000 flushing nmethod 0x00000000039b9350
Event: 86.667 loading class org/objectweb/asm/TypeReference
Event: 86.668 loading class org/objectweb/asm/TypeReference done
Event: 86.669 loading class org/objectweb/asm/TypePath
Event: 86.669 loading class org/objectweb/asm/TypePath done


Dynamic libraries:
0x00007ff61a420000 - 0x00007ff61a451000 	C:\Program Files\Android\Android Studio\jre\bin\java.exe
0x00007ffa7e540000 - 0x00007ffa7e72d000 	C:\WINDOWS\SYSTEM32\ntdll.dll
0x00007ffa7da90000 - 0x00007ffa7db43000 	C:\WINDOWS\System32\KERNEL32.DLL
0x00007ffa7b4c0000 - 0x00007ffa7b753000 	C:\WINDOWS\System32\KERNELBASE.dll
0x00007ffa7e2c0000 - 0x00007ffa7e363000 	C:\WINDOWS\System32\ADVAPI32.dll
0x00007ffa7b760000 - 0x00007ffa7b7fe000 	C:\WINDOWS\System32\msvcrt.dll
0x00007ffa7def0000 - 0x00007ffa7df8e000 	C:\WINDOWS\System32\sechost.dll
0x00007ffa7d4d0000 - 0x00007ffa7d5f2000 	C:\WINDOWS\System32\RPCRT4.dll
0x00007ffa7e370000 - 0x00007ffa7e507000 	C:\WINDOWS\System32\USER32.dll
0x00007ffa7a600000 - 0x00007ffa7a620000 	C:\WINDOWS\System32\win32u.dll
0x00007ffa7bbe0000 - 0x00007ffa7bc09000 	C:\WINDOWS\System32\GDI32.dll
0x00007ffa7a640000 - 0x00007ffa7a7d9000 	C:\WINDOWS\System32\gdi32full.dll
0x00007ffa7a9e0000 - 0x00007ffa7aa80000 	C:\WINDOWS\System32\msvcp_win.dll
0x00007ffa7a860000 - 0x00007ffa7a95a000 	C:\WINDOWS\System32\ucrtbase.dll
0x00007ffa68590000 - 0x00007ffa68809000 	C:\WINDOWS\WinSxS\amd64_microsoft.windows.common-controls_6595b64144ccf1df_6.0.17763.973_none_05b245900721eb81\COMCTL32.dll
0x00007ffa7d140000 - 0x00007ffa7d46c000 	C:\WINDOWS\System32\combase.dll
0x00007ffa7a7e0000 - 0x00007ffa7a85e000 	C:\WINDOWS\System32\bcryptPrimitives.dll
0x00007ffa7bc10000 - 0x00007ffa7bc3e000 	C:\WINDOWS\System32\IMM32.DLL
0x0000000056bf0000 - 0x0000000056cc2000 	C:\Program Files\Android\Android Studio\jre\jre\bin\msvcr100.dll
0x0000000056de0000 - 0x0000000057626000 	C:\Program Files\Android\Android Studio\jre\jre\bin\server\jvm.dll
0x00007ffa7bb50000 - 0x00007ffa7bb58000 	C:\WINDOWS\System32\PSAPI.DLL
0x00007ffa6f390000 - 0x00007ffa6f39a000 	C:\WINDOWS\SYSTEM32\VERSION.dll
0x00007ffa6bf80000 - 0x00007ffa6bf89000 	C:\WINDOWS\SYSTEM32\WSOCK32.dll
0x00007ffa786e0000 - 0x00007ffa78704000 	C:\WINDOWS\SYSTEM32\WINMM.dll
0x00007ffa7e230000 - 0x00007ffa7e29d000 	C:\WINDOWS\System32\WS2_32.dll
0x00007ffa786b0000 - 0x00007ffa786dd000 	C:\WINDOWS\SYSTEM32\WINMMBASE.dll
0x00007ffa7a960000 - 0x00007ffa7a9aa000 	C:\WINDOWS\System32\cfgmgr32.dll
0x00007ffa76b90000 - 0x00007ffa76b9f000 	C:\Program Files\Android\Android Studio\jre\jre\bin\verify.dll
0x00007ffa71c50000 - 0x00007ffa71c79000 	C:\Program Files\Android\Android Studio\jre\jre\bin\java.dll
0x00007ffa742e0000 - 0x00007ffa742f6000 	C:\Program Files\Android\Android Studio\jre\jre\bin\zip.dll
0x00007ffa7bc40000 - 0x00007ffa7d134000 	C:\WINDOWS\System32\SHELL32.dll
0x00007ffa7e180000 - 0x00007ffa7e228000 	C:\WINDOWS\System32\shcore.dll
0x00007ffa7ab30000 - 0x00007ffa7b27d000 	C:\WINDOWS\System32\windows.storage.dll
0x00007ffa7a590000 - 0x00007ffa7a5b4000 	C:\WINDOWS\System32\profapi.dll
0x00007ffa7a530000 - 0x00007ffa7a58d000 	C:\WINDOWS\System32\powrprof.dll
0x00007ffa7b800000 - 0x00007ffa7b852000 	C:\WINDOWS\System32\shlwapi.dll
0x00007ffa7a5c0000 - 0x00007ffa7a5d1000 	C:\WINDOWS\System32\kernel.appcore.dll
0x00007ffa7a620000 - 0x00007ffa7a637000 	C:\WINDOWS\System32\cryptsp.dll
0x00007ffa71e90000 - 0x00007ffa71eaa000 	C:\Program Files\Android\Android Studio\jre\jre\bin\net.dll
0x00007ffa74430000 - 0x00007ffa74607000 	C:\WINDOWS\SYSTEM32\urlmon.dll
0x00007ffa71220000 - 0x00007ffa714c8000 	C:\WINDOWS\SYSTEM32\iertutil.dll
0x00007ffa79f10000 - 0x00007ffa79f1c000 	C:\WINDOWS\SYSTEM32\CRYPTBASE.DLL
0x00007ffa79d40000 - 0x00007ffa79da7000 	C:\WINDOWS\system32\mswsock.dll
0x00007ffa71b40000 - 0x00007ffa71b53000 	C:\Program Files\Android\Android Studio\jre\jre\bin\nio.dll
0x00007ffa56dc0000 - 0x00007ffa56de6000 	C:\Users\basker\.gradle\native\30\windows-amd64\native-platform.dll
0x00007ffa71ce0000 - 0x00007ffa71ced000 	C:\Program Files\Android\Android Studio\jre\jre\bin\management.dll
0x00007ffa798c0000 - 0x00007ffa798f3000 	C:\WINDOWS\system32\rsaenh.dll
0x00007ffa7a9b0000 - 0x00007ffa7a9d6000 	C:\WINDOWS\System32\bcrypt.dll
0x00007ffa7a430000 - 0x00007ffa7a458000 	C:\WINDOWS\SYSTEM32\USERENV.dll
0x00007ffa79a60000 - 0x00007ffa79a9d000 	C:\WINDOWS\SYSTEM32\IPHLPAPI.DLL
0x00007ffa7b9e0000 - 0x00007ffa7b9e8000 	C:\WINDOWS\System32\NSI.dll
0x00007ffa714d0000 - 0x00007ffa714e6000 	C:\WINDOWS\SYSTEM32\dhcpcsvc6.DLL
0x00007ffa735b0000 - 0x00007ffa735cc000 	C:\WINDOWS\SYSTEM32\dhcpcsvc.DLL
0x00007ffa79aa0000 - 0x00007ffa79b66000 	C:\WINDOWS\SYSTEM32\DNSAPI.dll
0x00007ffa795a0000 - 0x00007ffa795d1000 	C:\WINDOWS\SYSTEM32\ntmarta.dll

VM Arguments:
jvm_args: -Xmx1536m -Dfile.encoding=windows-1252 -Duser.country=US -Duser.language=en -Duser.variant 
java_command: org.gradle.launcher.daemon.bootstrap.GradleDaemon 5.6.4
java_class_path (initial): C:\Users\basker\.gradle\wrapper\dists\gradle-5.6.4-all\ankdp27end7byghfw1q2sw75f\gradle-5.6.4\lib\gradle-launcher-5.6.4.jar
Launcher Type: SUN_STANDARD

Environment Variables:
PATH=C:\Program Files (x86)\Common Files\Oracle\Java\javapath;C:\Program Files (x86)\NVIDIA Corporation\PhysX\Common;C:\Program Files (x86)\Intel\iCLS Client\;C:\Program Files\Intel\iCLS Client\;C:\WINDOWS\system32;C:\WINDOWS;C:\WINDOWS\System32\Wbem;C:\WINDOWS\System32\WindowsPowerShell\v1.0\;C:\Program Files\Intel\Intel(R) Management Engine Components\DAL;C:\Program Files\Intel\Intel(R) Management Engine Components\IPT;C:\Program Files (x86)\Intel\Intel(R) Management Engine Components\DAL;C:\Program Files (x86)\Intel\Intel(R) Management Engine Components\IPT;C:\Program Files (x86)\Intel\OpenCL SDK\2.0\bin\x86;C:\Program Files (x86)\Intel\OpenCL SDK\2.0\bin\x64;C:\Program Files\Lenovo\Bluetooth Software\;C:\Program Files\Lenovo\Bluetooth Software\syswow64;C:\WINDOWS\System32\OpenSSH\;C:\Program Files\nodejs\;C:\Users\basker\AppData\Local\Android\Sdk\platforms;C:\Users\basker\AppData\Local\Android\Sdk\platform-tools;C:\Users\basker\.gradle\wrapper\dists\gradle-5.6.4-all\ankdp27end7byghfw1q2sw75f\gradle-5.6.4\bin;C:\Program Files\Git\cmd;C:\Program Files\MySQL\MySQL Shell 8.0\bin\;C:\Users\basker\AppData\Local\Microsoft\WindowsApps;C:\Users\basker\AppData\Roaming\npm;C:\Users\basker\AppData\Local\Programs\Microsoft VS Code\bin;C:\Users\basker\.gradle\wrapper\dists\gradle-5.6.4-all\ankdp27end7byghfw1q2sw75f\gradle-5.6.4\bin;
USERNAME=basker
OS=Windows_NT
PROCESSOR_IDENTIFIER=Intel64 Family 6 Model 58 Stepping 9, GenuineIntel



---------------  S Y S T E M  ---------------

OS: Windows 10.0 , 64 bit Build 17763 (10.0.17763.475)

CPU:total 4 (initial active 4) (2 cores per cpu, 2 threads per core) family 6 model 58 stepping 9, cmov, cx8, fxsr, mmx, sse, sse2, sse3, ssse3, sse4.1, sse4.2, popcnt, avx, aes, clmul, erms, ht, tsc, tscinvbit, tscinv

Memory: 4k page, physical 4056852k(388572k free), swap 5481236k(4064k free)

vm_info: OpenJDK 64-Bit Server VM (25.212-b04) for windows-amd64 JRE (1.8.0_212-release-1586-b04), built by "builder" with MS VC++ 10.0 (VS2010)

time: Tue Jul 21 19:19:54 2020
timezone: India Standard Time
elapsed time: 86 seconds (0d 0h 1m 26s)

