#
# There is insufficient memory for the Java Runtime Environment to continue.
# Native memory allocation (malloc) failed to allocate 673456 bytes for Chunk::new
# Possible reasons:
#   The system is out of physical RAM or swap space
#   The process is running with CompressedOops enabled, and the Java Heap may be blocking the growth of the native heap
# Possible solutions:
#   Reduce memory load on the system
#   Increase physical memory or swap space
#   Check if swap backing store is full
#   Decrease Java heap size (-Xmx/-Xms)
#   Decrease number of Java threads
#   Decrease Java thread stack sizes (-Xss)
#   Set larger code cache with -XX:ReservedCodeCacheSize=
#   JVM is running with Unscaled Compressed Oops mode in which the Java heap is
#     placed in the first 4GB address space. The Java Heap base address is the
#     maximum limit for the native heap growth. Please use -XX:HeapBaseMinAddress
#     to set the Java Heap base and to place the Java Heap above 4GB virtual address.
# This output file may be truncated or incomplete.
#
#  Out of Memory Error (allocation.cpp:389), pid=12228, tid=0x0000000000001174
#
# JRE version: OpenJDK Runtime Environment (8.0_212-b04) (build 1.8.0_212-release-1586-b04)
# Java VM: OpenJDK 64-Bit Server VM (25.212-b04 mixed mode windows-amd64 compressed oops)
# Failed to write core dump. Minidumps are not enabled by default on client versions of Windows
#

---------------  T H R E A D  ---------------

Current thread (0x0000000016c09000):  JavaThread "C2 CompilerThread0" daemon [_thread_in_native, id=4468, stack(0x0000000018290000,0x0000000018390000)]

Stack: [0x0000000018290000,0x0000000018390000]
[error occurred during error reporting (printing stack bounds), id 0xc0000005]

Native frames: (J=compiled Java code, j=interpreted, Vv=VM code, C=native code)


Current CompileTask:
C2:  77515 11249       4       org.objectweb.asm.ClassReader::readCode (5089 bytes)


---------------  P R O C E S S  ---------------

Java Threads: ( => current thread )
  0x0000000021292000 JavaThread "WorkerExecutor Queue Thread 5" [_thread_blocked, id=164, stack(0x0000000027970000,0x0000000027a70000)]
  0x000000002128f000 JavaThread "WorkerExecutor Queue Thread 3" [_thread_blocked, id=11604, stack(0x0000000027770000,0x0000000027870000)]
  0x0000000021290000 JavaThread "WorkerExecutor Queue Thread 2" [_thread_blocked, id=2892, stack(0x0000000027670000,0x0000000027770000)]
  0x000000002128b800 JavaThread "stdout" [_thread_in_native, id=5472, stack(0x0000000027570000,0x0000000027670000)]
  0x000000001df7e000 JavaThread "stderr" [_thread_in_native, id=6856, stack(0x0000000027470000,0x0000000027570000)]
  0x000000001df7c000 JavaThread "stdout" [_thread_in_native, id=11748, stack(0x0000000027370000,0x0000000027470000)]
  0x000000001df80800 JavaThread "stderr" [_thread_in_native, id=6044, stack(0x0000000027270000,0x0000000027370000)]
  0x000000001df7d800 JavaThread "stdout" [_thread_in_native, id=6184, stack(0x0000000027170000,0x0000000027270000)]
  0x000000001df7f800 JavaThread "stderr" [_thread_in_native, id=10444, stack(0x0000000027070000,0x0000000027170000)]
  0x000000001df7c800 JavaThread "stdout" [_thread_in_native, id=12100, stack(0x0000000026f70000,0x0000000027070000)]
  0x000000001df7f000 JavaThread "stderr" [_thread_in_native, id=11340, stack(0x0000000026e70000,0x0000000026f70000)]
  0x000000001df7b000 JavaThread "pool-15-thread-1" [_thread_blocked, id=1620, stack(0x0000000026d70000,0x0000000026e70000)]
  0x000000001df73800 JavaThread "WorkerExecutor Queue" [_thread_blocked, id=8016, stack(0x0000000024ac0000,0x0000000024bc0000)]
  0x000000001df79000 JavaThread "Cache worker for execution history cache (C:\Users\basker\Desktop\gpay\.gradle\5.6.4\executionHistory)" [_thread_blocked, id=7044, stack(0x00000000249c0000,0x0000000024ac0000)]
  0x000000001df71800 JavaThread "Execution worker for ':' Thread 3" [_thread_blocked, id=11880, stack(0x00000000246c0000,0x00000000247c0000)]
  0x000000001df74800 JavaThread "Execution worker for ':' Thread 2" [_thread_blocked, id=3604, stack(0x00000000245c0000,0x00000000246c0000)]
  0x000000001df76800 JavaThread "Execution worker for ':'" [_thread_in_native, id=6600, stack(0x00000000241e0000,0x00000000242e0000)]
  0x000000001df72000 JavaThread "Cache worker for file content cache (C:\Users\basker\Desktop\gpay\.gradle\5.6.4\fileContent)" [_thread_blocked, id=11040, stack(0x00000000240e0000,0x00000000241e0000)]
  0x000000001df76000 JavaThread "Cache worker for file content cache (C:\Users\basker\.gradle\caches\5.6.4\fileContent)" [_thread_blocked, id=4688, stack(0x0000000023e50000,0x0000000023f50000)]
  0x000000001df73000 JavaThread "Memory manager" [_thread_blocked, id=972, stack(0x0000000023990000,0x0000000023a90000)]
  0x000000001d22a800 JavaThread "Cache worker for Build Output Cleanup Cache (C:\Users\basker\Desktop\gpay\.gradle\buildOutputCleanup)" [_thread_blocked, id=4416, stack(0x0000000022480000,0x0000000022580000)]
  0x000000001d22f000 JavaThread "Build operations Thread 4" [_thread_blocked, id=12180, stack(0x0000000022180000,0x0000000022280000)]
  0x000000001d231800 JavaThread "Build operations Thread 3" [_thread_blocked, id=2508, stack(0x0000000022080000,0x0000000022180000)]
  0x000000001d22d000 JavaThread "Build operations Thread 2" [_thread_blocked, id=10112, stack(0x0000000021f80000,0x0000000022080000)]
  0x000000001d230800 JavaThread "Build operations" [_thread_blocked, id=8460, stack(0x0000000021e80000,0x0000000021f80000)]
  0x000000001d230000 JavaThread "Cache worker for execution history cache (C:\Users\basker\.gradle\caches\5.6.4\executionHistory)" [_thread_blocked, id=3348, stack(0x0000000020db0000,0x0000000020eb0000)]
  0x000000001a643000 JavaThread "Cache worker for cache directory md-rule (C:\Users\basker\.gradle\caches\5.6.4\md-rule)" [_thread_blocked, id=11128, stack(0x000000001f430000,0x000000001f530000)]
  0x000000001a641800 JavaThread "Cache worker for cache directory md-supplier (C:\Users\basker\.gradle\caches\5.6.4\md-supplier)" [_thread_blocked, id=10592, stack(0x000000001ee50000,0x000000001ef50000)]
  0x000000001a644000 JavaThread "Cache worker for file hash cache (C:\Users\basker\Desktop\gpay\.gradle\5.6.4\fileHashes)" [_thread_blocked, id=7732, stack(0x000000001ed50000,0x000000001ee50000)]
  0x000000001a63f800 JavaThread "Cache worker for journal cache (C:\Users\basker\.gradle\caches\journal-1)" [_thread_blocked, id=10748, stack(0x000000001c9b0000,0x000000001cab0000)]
  0x000000001a640000 JavaThread "File lock request listener" [_thread_in_native, id=11284, stack(0x000000001c8b0000,0x000000001c9b0000)]
  0x000000001a644800 JavaThread "Cache worker for file hash cache (C:\Users\basker\.gradle\caches\5.6.4\fileHashes)" [_thread_blocked, id=2692, stack(0x000000001c7b0000,0x000000001c8b0000)]
  0x000000001a52b000 JavaThread "Thread-9" [_thread_blocked, id=772, stack(0x000000001c4b0000,0x000000001c5b0000)]
  0x000000001a52f000 JavaThread "Asynchronous log dispatcher for DefaultDaemonConnection: socket connection from /127.0.0.1:51741 to /127.0.0.1:51742" [_thread_blocked, id=8568, stack(0x000000001c2b0000,0x000000001c3b0000)]
  0x000000001a5c9800 JavaThread "Daemon worker" [_thread_blocked, id=5260, stack(0x000000001c1b0000,0x000000001c2b0000)]
  0x000000001a5c8800 JavaThread "Cancel handler" [_thread_blocked, id=10836, stack(0x000000001c0b0000,0x000000001c1b0000)]
  0x000000001a505000 JavaThread "Handler for socket connection from /127.0.0.1:51741 to /127.0.0.1:51742" [_thread_in_native, id=6696, stack(0x000000001bdb0000,0x000000001beb0000)]
  0x000000001a500800 JavaThread "Daemon" [_thread_blocked, id=10192, stack(0x000000001bcb0000,0x000000001bdb0000)]
  0x000000001a46a800 JavaThread "Daemon periodic checks" [_thread_blocked, id=7716, stack(0x000000001bbb0000,0x000000001bcb0000)]
  0x000000001a459000 JavaThread "Incoming local TCP Connector on port 51741" [_thread_in_native, id=3748, stack(0x000000001b970000,0x000000001ba70000)]
  0x000000001a386000 JavaThread "Daemon health stats" [_thread_blocked, id=7092, stack(0x000000001b330000,0x000000001b430000)]
  0x00000000184c0800 JavaThread "Service Thread" daemon [_thread_blocked, id=10644, stack(0x0000000018990000,0x0000000018a90000)]
  0x0000000016c6e000 JavaThread "C1 CompilerThread2" daemon [_thread_blocked, id=11488, stack(0x0000000018890000,0x0000000018990000)]
  0x0000000016c63800 JavaThread "C2 CompilerThread1" daemon [_thread_in_native, id=9784, stack(0x0000000018390000,0x0000000018490000)]
=>0x0000000016c09000 JavaThread "C2 CompilerThread0" daemon [_thread_in_native, id=4468, stack(0x0000000018290000,0x0000000018390000)]
  0x0000000016c17000 JavaThread "Attach Listener" daemon [_thread_blocked, id=3640, stack(0x0000000018190000,0x0000000018290000)]
  0x0000000016c15800 JavaThread "Signal Dispatcher" daemon [_thread_blocked, id=1948, stack(0x0000000018090000,0x0000000018190000)]
  0x00000000031fb800 JavaThread "Finalizer" daemon [_thread_blocked, id=9776, stack(0x0000000017e90000,0x0000000017f90000)]
  0x0000000016bf9000 JavaThread "Reference Handler" daemon [_thread_blocked, id=12208, stack(0x0000000017d90000,0x0000000017e90000)]
  0x000000000329e000 JavaThread "main" [_thread_blocked, id=7292, stack(0x0000000002fc0000,0x00000000030c0000)]

Other Threads:
  0x0000000016bd6800 VMThread [stack: 0x0000000017c90000,0x0000000017d90000] [id=7324]
  0x00000000184c2000 WatcherThread [stack: 0x0000000018a90000,0x0000000018b90000] [id=2836]

VM state:not at safepoint (normal execution)

VM Mutex/Monitor currently owned by a thread: None

heap address: 0x00000000a0000000, size: 1536 MB, Compressed Oops mode: 32-bit
Narrow klass base: 0x0000000000000000, Narrow klass shift: 3
Compressed class space size: 1073741824 Address: 0x0000000100000000

Heap:
 PSYoungGen      total 163840K, used 18101K [0x00000000e0000000, 0x00000000eb080000, 0x0000000100000000)
  eden space 146944K, 0% used [0x00000000e0000000,0x00000000e012e980,0x00000000e8f80000)
  from space 16896K, 99% used [0x00000000e8f80000,0x00000000e9ffecb0,0x00000000ea000000)
  to   space 16384K, 0% used [0x00000000ea080000,0x00000000ea080000,0x00000000eb080000)
 ParOldGen       total 51200K, used 41269K [0x00000000a0000000, 0x00000000a3200000, 0x00000000e0000000)
  object space 51200K, 80% used [0x00000000a0000000,0x00000000a284d6e0,0x00000000a3200000)
 Metaspace       used 67933K, capacity 70466K, committed 70616K, reserved 1110016K
  class space    used 9050K, capacity 9585K, committed 9688K, reserved 1048576K

Card table byte_map: [0x0000000012660000,0x0000000012970000] byte_map_base: 0x0000000012160000

Marking Bits: (ParMarkBitMap*) 0x00000000575a9f30
 Begin Bits: [0x0000000012f70000, 0x0000000014770000)
 End Bits:   [0x0000000014770000, 0x0000000015f70000)

Polling page: 0x0000000001240000

CodeCache: size=245760Kb used=31574Kb max_used=31574Kb free=214185Kb
 bounds [0x00000000032a0000, 0x00000000051c0000, 0x00000000122a0000]
 total_blobs=10386 nmethods=9570 adapters=729
 compilation: enabled

Compilation events (10 events):
Event: 77.366 Thread 0x0000000016c6e000 11291       2       com.google.common.collect.RegularImmutableSortedSet::internalArrayStart (8 bytes)
Event: 77.367 Thread 0x0000000016c6e000 nmethod 11291 0x0000000004e16c10 code [0x0000000004e16d80, 0x0000000004e16f08]
Event: 77.367 Thread 0x0000000016c6e000 11292       2       com.google.common.collect.RegularImmutableSortedSet::internalArrayEnd (8 bytes)
Event: 77.367 Thread 0x0000000016c6e000 nmethod 11292 0x0000000004e16890 code [0x0000000004e16a00, 0x0000000004e16b88]
Event: 77.385 Thread 0x0000000016c6e000 11294       2       org.objectweb.asm.MethodVisitor::visitIincInsn (17 bytes)
Event: 77.386 Thread 0x0000000016c6e000 nmethod 11294 0x0000000004e16510 code [0x0000000004e16680, 0x0000000004e16808]
Event: 77.402 Thread 0x0000000016c6e000 11295       2       org.objectweb.asm.MethodWriter::computeMaxStackAndLocal (420 bytes)
Event: 77.405 Thread 0x0000000016c6e000 nmethod 11295 0x0000000004e15390 code [0x0000000004e15580, 0x0000000004e15d68]
Event: 77.442 Thread 0x0000000016c6e000 11296   !   2       java.util.zip.Deflater::end (50 bytes)
Event: 77.442 Thread 0x0000000016c6e000 nmethod 11296 0x0000000004e14d10 code [0x0000000004e14e80, 0x0000000004e151e8]

GC Heap History (10 events):
Event: 17.416 GC heap before
{Heap before GC invocations=20 (full 3):
 PSYoungGen      total 134656K, used 11084K [0x00000000e0000000, 0x00000000ea880000, 0x0000000100000000)
  eden space 120832K, 0% used [0x00000000e0000000,0x00000000e0000000,0x00000000e7600000)
  from space 13824K, 80% used [0x00000000e7600000,0x00000000e80d3238,0x00000000e8380000)
  to   space 14848K, 0% used [0x00000000e9a00000,0x00000000e9a00000,0x00000000ea880000)
 ParOldGen       total 51200K, used 34616K [0x00000000a0000000, 0x00000000a3200000, 0x00000000e0000000)
  object space 51200K, 67% used [0x00000000a0000000,0x00000000a21ce270,0x00000000a3200000)
 Metaspace       used 57209K, capacity 59040K, committed 59096K, reserved 1099776K
  class space    used 7889K, capacity 8352K, committed 8408K, reserved 1048576K
Event: 17.813 GC heap after
Heap after GC invocations=20 (full 3):
 PSYoungGen      total 134656K, used 0K [0x00000000e0000000, 0x00000000ea880000, 0x0000000100000000)
  eden space 120832K, 0% used [0x00000000e0000000,0x00000000e0000000,0x00000000e7600000)
  from space 13824K, 0% used [0x00000000e7600000,0x00000000e7600000,0x00000000e8380000)
  to   space 14848K, 0% used [0x00000000e9a00000,0x00000000e9a00000,0x00000000ea880000)
 ParOldGen       total 51200K, used 37856K [0x00000000a0000000, 0x00000000a3200000, 0x00000000e0000000)
  object space 51200K, 73% used [0x00000000a0000000,0x00000000a24f81b8,0x00000000a3200000)
 Metaspace       used 57209K, capacity 59040K, committed 59096K, reserved 1099776K
  class space    used 7889K, capacity 8352K, committed 8408K, reserved 1048576K
}
Event: 23.447 GC heap before
{Heap before GC invocations=21 (full 3):
 PSYoungGen      total 134656K, used 120832K [0x00000000e0000000, 0x00000000ea880000, 0x0000000100000000)
  eden space 120832K, 100% used [0x00000000e0000000,0x00000000e7600000,0x00000000e7600000)
  from space 13824K, 0% used [0x00000000e7600000,0x00000000e7600000,0x00000000e8380000)
  to   space 14848K, 0% used [0x00000000e9a00000,0x00000000e9a00000,0x00000000ea880000)
 ParOldGen       total 51200K, used 37856K [0x00000000a0000000, 0x00000000a3200000, 0x00000000e0000000)
  object space 51200K, 73% used [0x00000000a0000000,0x00000000a24f81b8,0x00000000a3200000)
 Metaspace       used 60565K, capacity 62848K, committed 63064K, reserved 1103872K
  class space    used 8233K, capacity 8752K, committed 8792K, reserved 1048576K
Event: 23.462 GC heap after
Heap after GC invocations=21 (full 3):
 PSYoungGen      total 143360K, used 7847K [0x00000000e0000000, 0x00000000ea200000, 0x0000000100000000)
  eden space 135168K, 0% used [0x00000000e0000000,0x00000000e0000000,0x00000000e8400000)
  from space 8192K, 95% used [0x00000000e9a00000,0x00000000ea1a9f00,0x00000000ea200000)
  to   space 14848K, 0% used [0x00000000e8500000,0x00000000e8500000,0x00000000e9380000)
 ParOldGen       total 51200K, used 37864K [0x00000000a0000000, 0x00000000a3200000, 0x00000000e0000000)
  object space 51200K, 73% used [0x00000000a0000000,0x00000000a24fa1b8,0x00000000a3200000)
 Metaspace       used 60565K, capacity 62848K, committed 63064K, reserved 1103872K
  class space    used 8233K, capacity 8752K, committed 8792K, reserved 1048576K
}
Event: 48.473 GC heap before
{Heap before GC invocations=22 (full 3):
 PSYoungGen      total 143360K, used 143015K [0x00000000e0000000, 0x00000000ea200000, 0x0000000100000000)
  eden space 135168K, 100% used [0x00000000e0000000,0x00000000e8400000,0x00000000e8400000)
  from space 8192K, 95% used [0x00000000e9a00000,0x00000000ea1a9f00,0x00000000ea200000)
  to   space 14848K, 0% used [0x00000000e8500000,0x00000000e8500000,0x00000000e9380000)
 ParOldGen       total 51200K, used 37864K [0x00000000a0000000, 0x00000000a3200000, 0x00000000e0000000)
  object space 51200K, 73% used [0x00000000a0000000,0x00000000a24fa1b8,0x00000000a3200000)
 Metaspace       used 63296K, capacity 65664K, committed 66008K, reserved 1105920K
  class space    used 8542K, capacity 9080K, committed 9176K, reserved 1048576K
Event: 48.501 GC heap after
Heap after GC invocations=22 (full 3):
 PSYoungGen      total 151040K, used 13004K [0x00000000e0000000, 0x00000000eb080000, 0x0000000100000000)
  eden space 136192K, 0% used [0x00000000e0000000,0x00000000e0000000,0x00000000e8500000)
  from space 14848K, 87% used [0x00000000e8500000,0x00000000e91b3080,0x00000000e9380000)
  to   space 16384K, 0% used [0x00000000ea080000,0x00000000ea080000,0x00000000eb080000)
 ParOldGen       total 51200K, used 37872K [0x00000000a0000000, 0x00000000a3200000, 0x00000000e0000000)
  object space 51200K, 73% used [0x00000000a0000000,0x00000000a24fc1b8,0x00000000a3200000)
 Metaspace       used 63296K, capacity 65664K, committed 66008K, reserved 1105920K
  class space    used 8542K, capacity 9080K, committed 9176K, reserved 1048576K
}
Event: 58.574 GC heap before
{Heap before GC invocations=23 (full 3):
 PSYoungGen      total 151040K, used 149196K [0x00000000e0000000, 0x00000000eb080000, 0x0000000100000000)
  eden space 136192K, 100% used [0x00000000e0000000,0x00000000e8500000,0x00000000e8500000)
  from space 14848K, 87% used [0x00000000e8500000,0x00000000e91b3080,0x00000000e9380000)
  to   space 16384K, 0% used [0x00000000ea080000,0x00000000ea080000,0x00000000eb080000)
 ParOldGen       total 51200K, used 37872K [0x00000000a0000000, 0x00000000a3200000, 0x00000000e0000000)
  object space 51200K, 73% used [0x00000000a0000000,0x00000000a24fc1b8,0x00000000a3200000)
 Metaspace       used 64035K, capacity 66372K, committed 66520K, reserved 1105920K
  class space    used 8589K, capacity 9102K, committed 9176K, reserved 1048576K
Event: 58.589 GC heap after
Heap after GC invocations=23 (full 3):
 PSYoungGen      total 163328K, used 10995K [0x00000000e0000000, 0x00000000eb080000, 0x0000000100000000)
  eden space 146944K, 0% used [0x00000000e0000000,0x00000000e0000000,0x00000000e8f80000)
  from space 16384K, 67% used [0x00000000ea080000,0x00000000eab3cd90,0x00000000eb080000)
  to   space 16896K, 0% used [0x00000000e8f80000,0x00000000e8f80000,0x00000000ea000000)
 ParOldGen       total 51200K, used 37880K [0x00000000a0000000, 0x00000000a3200000, 0x00000000e0000000)
  object space 51200K, 73% used [0x00000000a0000000,0x00000000a24fe1b8,0x00000000a3200000)
 Metaspace       used 64035K, capacity 66372K, committed 66520K, reserved 1105920K
  class space    used 8589K, capacity 9102K, committed 9176K, reserved 1048576K
}
Event: 77.406 GC heap before
{Heap before GC invocations=24 (full 3):
 PSYoungGen      total 163328K, used 157939K [0x00000000e0000000, 0x00000000eb080000, 0x0000000100000000)
  eden space 146944K, 100% used [0x00000000e0000000,0x00000000e8f80000,0x00000000e8f80000)
  from space 16384K, 67% used [0x00000000ea080000,0x00000000eab3cd90,0x00000000eb080000)
  to   space 16896K, 0% used [0x00000000e8f80000,0x00000000e8f80000,0x00000000ea000000)
 ParOldGen       total 51200K, used 37880K [0x00000000a0000000, 0x00000000a3200000, 0x00000000e0000000)
  object space 51200K, 73% used [0x00000000a0000000,0x00000000a24fe1b8,0x00000000a3200000)
 Metaspace       used 67907K, capacity 70458K, committed 70616K, reserved 1110016K
  class space    used 9045K, capacity 9583K, committed 9688K, reserved 1048576K
Event: 77.431 GC heap after
Heap after GC invocations=24 (full 3):
 PSYoungGen      total 163840K, used 16891K [0x00000000e0000000, 0x00000000eb080000, 0x0000000100000000)
  eden space 146944K, 0% used [0x00000000e0000000,0x00000000e0000000,0x00000000e8f80000)
  from space 16896K, 99% used [0x00000000e8f80000,0x00000000e9ffecb0,0x00000000ea000000)
  to   space 16384K, 0% used [0x00000000ea080000,0x00000000ea080000,0x00000000eb080000)
 ParOldGen       total 51200K, used 41269K [0x00000000a0000000, 0x00000000a3200000, 0x00000000e0000000)
  object space 51200K, 80% used [0x00000000a0000000,0x00000000a284d6e0,0x00000000a3200000)
 Metaspace       used 67907K, capacity 70458K, committed 70616K, reserved 1110016K
  class space    used 9045K, capacity 9583K, committed 9688K, reserved 1048576K
}

Deoptimization events (10 events):
Event: 77.091 Thread 0x000000001df76800 Uncommon trap: reason=unstable_if action=reinterpret pc=0x00000000049a2b7c method=org.objectweb.asm.AnnotationWriter.putAnnotations(Lorg/objectweb/asm/SymbolTable;Lorg/objectweb/asm/AnnotationWriter;Lorg/objectweb/asm/AnnotationWriter;Lorg/objectweb/asm/A
Event: 77.092 Thread 0x000000001df76800 Uncommon trap: reason=unstable_if action=reinterpret pc=0x0000000004b732a8 method=org.objectweb.asm.ClassReader.readUTF8(I[C)Ljava/lang/String; @ 11
Event: 77.092 Thread 0x000000001df76800 Uncommon trap: reason=unstable_if action=reinterpret pc=0x0000000004d23b3c method=org.gradle.api.internal.tasks.compile.AnnotatableMember.compare(Lorg/gradle/api/internal/tasks/compile/AnnotatableMember;)Lcom/google/common/collect/ComparisonChain; @ 9
Event: 77.094 Thread 0x000000001df76800 Uncommon trap: reason=unstable_if action=reinterpret pc=0x0000000003fb9190 method=org.objectweb.asm.FieldWriter.<init>(Lorg/objectweb/asm/SymbolTable;ILjava/lang/String;Ljava/lang/String;Ljava/lang/String;Ljava/lang/Object;)V @ 37
Event: 77.094 Thread 0x000000001df76800 Uncommon trap: reason=unstable_if action=reinterpret pc=0x00000000048b6730 method=com.google.common.collect.ImmutableSortedSet.construct(Ljava/util/Comparator;I[Ljava/lang/Object;)Lcom/google/common/collect/ImmutableSortedSet; @ 1
Event: 77.173 Thread 0x000000001df76800 Uncommon trap: reason=unstable_if action=reinterpret pc=0x0000000004b72610 method=org.objectweb.asm.MethodWriter.visitLabel(Lorg/objectweb/asm/Label;)V @ 238
Event: 77.173 Thread 0x000000001df76800 Uncommon trap: reason=unstable_if action=reinterpret pc=0x0000000004d21f5c method=org.objectweb.asm.MethodWriter.endCurrentBasicBlockWithNoSuccessor()V @ 73
Event: 77.188 Thread 0x000000001df76800 Uncommon trap: reason=unstable_if action=reinterpret pc=0x0000000003e86064 method=org.objectweb.asm.ClassReader.readUtf(II[C)Ljava/lang/String; @ 41
Event: 77.191 Thread 0x000000001df76800 Uncommon trap: reason=unstable_if action=reinterpret pc=0x00000000036512c4 method=org.objectweb.asm.ClassReader.readUtf(II[C)Ljava/lang/String; @ 41
Event: 77.438 Thread 0x000000001df76800 Uncommon trap: reason=unstable_if action=reinterpret pc=0x000000000514f130 method=com.google.common.collect.MapMakerInternalMap$Segment.getEntry(Ljava/lang/Object;I)Lcom/google/common/collect/MapMakerInternalMap$InternalEntry; @ 40

Classes redefined (0 events):
No events

Internal exceptions (10 events):
Event: 62.926 Thread 0x000000001df76800 Exception <a 'java/lang/NoSuchMethodError': <clinit>> (0x00000000e4c7e998) thrown at [D:\src\AOSP-openjdk-cygwin\jdk8u\hotspot\src\share\vm\prims\jni.cpp, line 1614]
Event: 62.928 Thread 0x000000001df76800 Exception <a 'java/lang/NoSuchMethodError': <clinit>> (0x00000000e4c9c430) thrown at [D:\src\AOSP-openjdk-cygwin\jdk8u\hotspot\src\share\vm\prims\jni.cpp, line 1614]
Event: 62.929 Thread 0x000000001df76800 Exception <a 'java/lang/NoSuchMethodError': <clinit>> (0x00000000e4cbf238) thrown at [D:\src\AOSP-openjdk-cygwin\jdk8u\hotspot\src\share\vm\prims\jni.cpp, line 1614]
Event: 62.934 Thread 0x000000001df76800 Exception <a 'java/lang/NoSuchMethodError': <clinit>> (0x00000000e4d0c270) thrown at [D:\src\AOSP-openjdk-cygwin\jdk8u\hotspot\src\share\vm\prims\jni.cpp, line 1614]
Event: 62.948 Thread 0x000000001df76800 Exception <a 'java/lang/NoSuchMethodError': <clinit>> (0x00000000e4d5cd98) thrown at [D:\src\AOSP-openjdk-cygwin\jdk8u\hotspot\src\share\vm\prims\jni.cpp, line 1614]
Event: 63.108 Thread 0x000000001df73800 Exception <a 'java/lang/NoSuchMethodError': java.lang.Object.lambda$negate$1(Ljava/lang/Object;)Z> (0x00000000e4feaa48) thrown at [D:\src\AOSP-openjdk-cygwin\jdk8u\hotspot\src\share\vm\interpreter\linkResolver.cpp, line 620]
Event: 76.453 Thread 0x000000001df73800 Exception <a 'sun/nio/fs/WindowsException'> (0x00000000e5a6ba60) thrown at [D:\src\AOSP-openjdk-cygwin\jdk8u\hotspot\src\share\vm\prims\jni.cpp, line 710]
Event: 76.455 Thread 0x000000001df73800 Exception <a 'sun/nio/fs/WindowsException'> (0x00000000e5a83960) thrown at [D:\src\AOSP-openjdk-cygwin\jdk8u\hotspot\src\share\vm\prims\jni.cpp, line 710]
Event: 76.455 Thread 0x000000001df73800 Exception <a 'sun/nio/fs/WindowsException'> (0x00000000e5a84a20) thrown at [D:\src\AOSP-openjdk-cygwin\jdk8u\hotspot\src\share\vm\prims\jni.cpp, line 710]
Event: 77.438 Thread 0x000000001df76800 Implicit null exception at 0x000000000514cef3 to 0x000000000514f109

Events (10 events):
Event: 77.191 Thread 0x000000001df76800 DEOPT UNPACKING pc=0x00000000032e557b sp=0x00000000242dc3f0 mode 2
Event: 77.405 Executing VM operation: ParallelGCFailedAllocation
Event: 77.431 Executing VM operation: ParallelGCFailedAllocation done
Event: 77.431 Executing VM operation: RevokeBias
Event: 77.431 Executing VM operation: RevokeBias done
Event: 77.438 Thread 0x000000001df76800 Uncommon trap: trap_request=0xffffff65 fr.pc=0x000000000514f130
Event: 77.438 Thread 0x000000001df76800 DEOPT PACKING pc=0x000000000514f130 sp=0x00000000242dd0d0
Event: 77.438 Thread 0x000000001df76800 DEOPT UNPACKING pc=0x00000000032e557b sp=0x00000000242dcfa8 mode 2
Event: 77.440 loading class org/gradle/internal/fingerprint/impl/PatternSetSnapshottingFilter
Event: 77.440 loading class org/gradle/internal/fingerprint/impl/PatternSetSnapshottingFilter done


Dynamic libraries:
0x00007ff61a420000 - 0x00007ff61a451000 	C:\Program Files\Android\Android Studio\jre\bin\java.exe
0x00007ffa7e540000 - 0x00007ffa7e72d000 	C:\WINDOWS\SYSTEM32\ntdll.dll
0x00007ffa7da90000 - 0x00007ffa7db43000 	C:\WINDOWS\System32\KERNEL32.DLL
0x00007ffa7b4c0000 - 0x00007ffa7b753000 	C:\WINDOWS\System32\KERNELBASE.dll
0x00007ffa7e2c0000 - 0x00007ffa7e363000 	C:\WINDOWS\System32\ADVAPI32.dll
0x00007ffa7b760000 - 0x00007ffa7b7fe000 	C:\WINDOWS\System32\msvcrt.dll
0x00007ffa7def0000 - 0x00007ffa7df8e000 	C:\WINDOWS\System32\sechost.dll
0x00007ffa7d4d0000 - 0x00007ffa7d5f2000 	C:\WINDOWS\System32\RPCRT4.dll
0x00007ffa7e370000 - 0x00007ffa7e507000 	C:\WINDOWS\System32\USER32.dll
0x00007ffa7a600000 - 0x00007ffa7a620000 	C:\WINDOWS\System32\win32u.dll
0x00007ffa7bbe0000 - 0x00007ffa7bc09000 	C:\WINDOWS\System32\GDI32.dll
0x00007ffa7a640000 - 0x00007ffa7a7d9000 	C:\WINDOWS\System32\gdi32full.dll
0x00007ffa7a9e0000 - 0x00007ffa7aa80000 	C:\WINDOWS\System32\msvcp_win.dll
0x00007ffa7a860000 - 0x00007ffa7a95a000 	C:\WINDOWS\System32\ucrtbase.dll
0x00007ffa68590000 - 0x00007ffa68809000 	C:\WINDOWS\WinSxS\amd64_microsoft.windows.common-controls_6595b64144ccf1df_6.0.17763.973_none_05b245900721eb81\COMCTL32.dll
0x00007ffa7d140000 - 0x00007ffa7d46c000 	C:\WINDOWS\System32\combase.dll
0x00007ffa7a7e0000 - 0x00007ffa7a85e000 	C:\WINDOWS\System32\bcryptPrimitives.dll
0x00007ffa7bc10000 - 0x00007ffa7bc3e000 	C:\WINDOWS\System32\IMM32.DLL
0x0000000056bf0000 - 0x0000000056cc2000 	C:\Program Files\Android\Android Studio\jre\jre\bin\msvcr100.dll
0x0000000056de0000 - 0x0000000057626000 	C:\Program Files\Android\Android Studio\jre\jre\bin\server\jvm.dll
0x00007ffa7bb50000 - 0x00007ffa7bb58000 	C:\WINDOWS\System32\PSAPI.DLL
0x00007ffa786e0000 - 0x00007ffa78704000 	C:\WINDOWS\SYSTEM32\WINMM.dll
0x00007ffa6f390000 - 0x00007ffa6f39a000 	C:\WINDOWS\SYSTEM32\VERSION.dll
0x00007ffa6bf80000 - 0x00007ffa6bf89000 	C:\WINDOWS\SYSTEM32\WSOCK32.dll
0x00007ffa7e230000 - 0x00007ffa7e29d000 	C:\WINDOWS\System32\WS2_32.dll
0x00007ffa786b0000 - 0x00007ffa786dd000 	C:\WINDOWS\SYSTEM32\WINMMBASE.dll
0x00007ffa7a960000 - 0x00007ffa7a9aa000 	C:\WINDOWS\System32\cfgmgr32.dll
0x00007ffa76b90000 - 0x00007ffa76b9f000 	C:\Program Files\Android\Android Studio\jre\jre\bin\verify.dll
0x00007ffa71c50000 - 0x00007ffa71c79000 	C:\Program Files\Android\Android Studio\jre\jre\bin\java.dll
0x00007ffa742e0000 - 0x00007ffa742f6000 	C:\Program Files\Android\Android Studio\jre\jre\bin\zip.dll
0x00007ffa7bc40000 - 0x00007ffa7d134000 	C:\WINDOWS\System32\SHELL32.dll
0x00007ffa7e180000 - 0x00007ffa7e228000 	C:\WINDOWS\System32\shcore.dll
0x00007ffa7ab30000 - 0x00007ffa7b27d000 	C:\WINDOWS\System32\windows.storage.dll
0x00007ffa7a590000 - 0x00007ffa7a5b4000 	C:\WINDOWS\System32\profapi.dll
0x00007ffa7a530000 - 0x00007ffa7a58d000 	C:\WINDOWS\System32\powrprof.dll
0x00007ffa7b800000 - 0x00007ffa7b852000 	C:\WINDOWS\System32\shlwapi.dll
0x00007ffa7a5c0000 - 0x00007ffa7a5d1000 	C:\WINDOWS\System32\kernel.appcore.dll
0x00007ffa7a620000 - 0x00007ffa7a637000 	C:\WINDOWS\System32\cryptsp.dll
0x00007ffa71e90000 - 0x00007ffa71eaa000 	C:\Program Files\Android\Android Studio\jre\jre\bin\net.dll
0x00007ffa74430000 - 0x00007ffa74607000 	C:\WINDOWS\SYSTEM32\urlmon.dll
0x00007ffa71220000 - 0x00007ffa714c8000 	C:\WINDOWS\SYSTEM32\iertutil.dll
0x00007ffa79f10000 - 0x00007ffa79f1c000 	C:\WINDOWS\SYSTEM32\CRYPTBASE.DLL
0x00007ffa79d40000 - 0x00007ffa79da7000 	C:\WINDOWS\system32\mswsock.dll
0x00007ffa71b40000 - 0x00007ffa71b53000 	C:\Program Files\Android\Android Studio\jre\jre\bin\nio.dll
0x00007ffa56dc0000 - 0x00007ffa56de6000 	C:\Users\basker\.gradle\native\30\windows-amd64\native-platform.dll
0x00007ffa71ce0000 - 0x00007ffa71ced000 	C:\Program Files\Android\Android Studio\jre\jre\bin\management.dll
0x00007ffa798c0000 - 0x00007ffa798f3000 	C:\WINDOWS\system32\rsaenh.dll
0x00007ffa7a9b0000 - 0x00007ffa7a9d6000 	C:\WINDOWS\System32\bcrypt.dll
0x00007ffa7a430000 - 0x00007ffa7a458000 	C:\WINDOWS\SYSTEM32\USERENV.dll
0x00007ffa79a60000 - 0x00007ffa79a9d000 	C:\WINDOWS\SYSTEM32\IPHLPAPI.DLL
0x00007ffa7b9e0000 - 0x00007ffa7b9e8000 	C:\WINDOWS\System32\NSI.dll
0x00007ffa714d0000 - 0x00007ffa714e6000 	C:\WINDOWS\SYSTEM32\dhcpcsvc6.DLL
0x00007ffa735b0000 - 0x00007ffa735cc000 	C:\WINDOWS\SYSTEM32\dhcpcsvc.DLL
0x00007ffa79aa0000 - 0x00007ffa79b66000 	C:\WINDOWS\SYSTEM32\DNSAPI.dll
0x00007ffa78710000 - 0x00007ffa7879c000 	C:\WINDOWS\system32\apphelp.dll

VM Arguments:
jvm_args: -Xmx1536m -Dfile.encoding=windows-1252 -Duser.country=US -Duser.language=en -Duser.variant 
java_command: org.gradle.launcher.daemon.bootstrap.GradleDaemon 5.6.4
java_class_path (initial): C:\Users\basker\.gradle\wrapper\dists\gradle-5.6.4-all\ankdp27end7byghfw1q2sw75f\gradle-5.6.4\lib\gradle-launcher-5.6.4.jar
Launcher Type: SUN_STANDARD

Environment Variables:
PATH=C:\Program Files (x86)\Common Files\Oracle\Java\javapath;C:\Program Files (x86)\NVIDIA Corporation\PhysX\Common;C:\Program Files (x86)\Intel\iCLS Client\;C:\Program Files\Intel\iCLS Client\;C:\WINDOWS\system32;C:\WINDOWS;C:\WINDOWS\System32\Wbem;C:\WINDOWS\System32\WindowsPowerShell\v1.0\;C:\Program Files\Intel\Intel(R) Management Engine Components\DAL;C:\Program Files\Intel\Intel(R) Management Engine Components\IPT;C:\Program Files (x86)\Intel\Intel(R) Management Engine Components\DAL;C:\Program Files (x86)\Intel\Intel(R) Management Engine Components\IPT;C:\Program Files (x86)\Intel\OpenCL SDK\2.0\bin\x86;C:\Program Files (x86)\Intel\OpenCL SDK\2.0\bin\x64;C:\Program Files\Lenovo\Bluetooth Software\;C:\Program Files\Lenovo\Bluetooth Software\syswow64;C:\WINDOWS\System32\OpenSSH\;C:\Program Files\nodejs\;C:\Users\basker\AppData\Local\Android\Sdk\platforms;C:\Users\basker\AppData\Local\Android\Sdk\platform-tools;C:\Users\basker\.gradle\wrapper\dists\gradle-5.6.4-all\ankdp27end7byghfw1q2sw75f\gradle-5.6.4\bin;C:\Program Files\Git\cmd;C:\Program Files\MySQL\MySQL Shell 8.0\bin\;C:\Users\basker\AppData\Local\Microsoft\WindowsApps;C:\Users\basker\AppData\Roaming\npm;C:\Users\basker\AppData\Local\Programs\Microsoft VS Code\bin;C:\Users\basker\.gradle\wrapper\dists\gradle-5.6.4-all\ankdp27end7byghfw1q2sw75f\gradle-5.6.4\bin;
USERNAME=basker
OS=Windows_NT
PROCESSOR_IDENTIFIER=Intel64 Family 6 Model 58 Stepping 9, GenuineIntel



---------------  S Y S T E M  ---------------

OS: Windows 10.0 , 64 bit Build 17763 (10.0.17763.475)

CPU:total 4 (initial active 4) (2 cores per cpu, 2 threads per core) family 6 model 58 stepping 9, cmov, cx8, fxsr, mmx, sse, sse2, sse3, ssse3, sse4.1, sse4.2, popcnt, avx, aes, clmul, erms, ht, tsc, tscinvbit, tscinv

Memory: 4k page, physical 4056852k(335520k free), swap 5481236k(60236k free)

vm_info: OpenJDK 64-Bit Server VM (25.212-b04) for windows-amd64 JRE (1.8.0_212-release-1586-b04), built by "builder" with MS VC++ 10.0 (VS2010)

time: Tue Jul 21 19:21:40 2020
timezone: India Standard Time
elapsed time: 77 seconds (0d 0h 1m 17s)

