#
# There is insufficient memory for the Java Runtime Environment to continue.
# Native memory allocation (malloc) failed to allocate 1787984 bytes for Chunk::new
# Possible reasons:
#   The system is out of physical RAM or swap space
#   The process is running with CompressedOops enabled, and the Java Heap may be blocking the growth of the native heap
# Possible solutions:
#   Reduce memory load on the system
#   Increase physical memory or swap space
#   Check if swap backing store is full
#   Decrease Java heap size (-Xmx/-Xms)
#   Decrease number of Java threads
#   Decrease Java thread stack sizes (-Xss)
#   Set larger code cache with -XX:ReservedCodeCacheSize=
#   JVM is running with Unscaled Compressed Oops mode in which the Java heap is
#     placed in the first 4GB address space. The Java Heap base address is the
#     maximum limit for the native heap growth. Please use -XX:HeapBaseMinAddress
#     to set the Java Heap base and to place the Java Heap above 4GB virtual address.
# This output file may be truncated or incomplete.
#
#  Out of Memory Error (allocation.cpp:389), pid=8072, tid=0x0000000000002d68
#
# JRE version: OpenJDK Runtime Environment (8.0_212-b04) (build 1.8.0_212-release-1586-b04)
# Java VM: OpenJDK 64-Bit Server VM (25.212-b04 mixed mode windows-amd64 compressed oops)
# Failed to write core dump. Minidumps are not enabled by default on client versions of Windows
#

---------------  T H R E A D  ---------------

Current thread (0x00000000162b9000):  JavaThread "C2 CompilerThread0" daemon [_thread_in_native, id=11624, stack(0x0000000017910000,0x0000000017a10000)]

Stack: [0x0000000017910000,0x0000000017a10000]
[error occurred during error reporting (printing stack bounds), id 0xc0000005]

Native frames: (J=compiled Java code, j=interpreted, Vv=VM code, C=native code)


Current CompileTask:
C2: 102768 10875       4       org.objectweb.asm.ClassReader::readCode (5089 bytes)


---------------  P R O C E S S  ---------------

Java Threads: ( => current thread )
  0x0000000018c9e800 JavaThread "Cache worker for Build Output Cleanup Cache (C:\Users\basker\Desktop\gpay\.gradle\buildOutputCleanup)" [_thread_blocked, id=11568, stack(0x0000000026ff0000,0x00000000270f0000)]
  0x0000000018c9b800 JavaThread "Build operations Thread 4" [_thread_in_native, id=9556, stack(0x0000000026ef0000,0x0000000026ff0000)]
  0x0000000018c9b000 JavaThread "Build operations Thread 3" [_thread_blocked, id=8828, stack(0x0000000026df0000,0x0000000026ef0000)]
  0x0000000018c9a000 JavaThread "Build operations Thread 2" [_thread_in_native, id=7764, stack(0x0000000026cf0000,0x0000000026df0000)]
  0x0000000018c99800 JavaThread "Build operations" [_thread_blocked, id=1432, stack(0x0000000026bf0000,0x0000000026cf0000)]
  0x0000000018c9d000 JavaThread "Cache worker for cache directory md-rule (C:\Users\basker\.gradle\caches\5.6.4\md-rule)" [_thread_blocked, id=11492, stack(0x00000000267f0000,0x00000000268f0000)]
  0x0000000018c9c800 JavaThread "Cache worker for cache directory md-supplier (C:\Users\basker\.gradle\caches\5.6.4\md-supplier)" [_thread_blocked, id=9236, stack(0x00000000266f0000,0x00000000267f0000)]
  0x0000000018c95000 JavaThread "Cache worker for file hash cache (C:\Users\basker\Desktop\gpay\.gradle\5.6.4\fileHashes)" [_thread_blocked, id=10560, stack(0x00000000265f0000,0x00000000266f0000)]
  0x0000000018c94000 JavaThread "Thread-26" [_thread_blocked, id=11220, stack(0x00000000264f0000,0x00000000265f0000)]
  0x0000000018c92000 JavaThread "Stdin handler" [_thread_blocked, id=2188, stack(0x00000000263f0000,0x00000000264f0000)]
  0x0000000018c97000 JavaThread "Asynchronous log dispatcher for DefaultDaemonConnection: socket connection from /127.0.0.1:51658 to /127.0.0.1:51668" [_thread_blocked, id=9540, stack(0x00000000262f0000,0x00000000263f0000)]
  0x0000000018c98800 JavaThread "Cancel handler" [_thread_blocked, id=11484, stack(0x0000000024230000,0x0000000024330000)]
  0x0000000018c8f800 JavaThread "Handler for socket connection from /127.0.0.1:51658 to /127.0.0.1:51668" [_thread_in_native, id=5992, stack(0x0000000024130000,0x0000000024230000)]
  0x0000000018c98000 JavaThread "Memory manager" [_thread_blocked, id=11824, stack(0x0000000022270000,0x0000000022370000)]
  0x0000000018c95800 JavaThread "Cache worker for execution history cache (C:\Users\basker\.gradle\caches\5.6.4\executionHistory)" [_thread_blocked, id=7656, stack(0x000000001f2a0000,0x000000001f3a0000)]
  0x0000000017f5b000 JavaThread "Cache worker for journal cache (C:\Users\basker\.gradle\caches\journal-1)" [_thread_blocked, id=7320, stack(0x000000001c030000,0x000000001c130000)]
  0x0000000017f60800 JavaThread "File lock request listener" [_thread_in_native, id=12260, stack(0x000000001bf30000,0x000000001c030000)]
  0x0000000017f5e000 JavaThread "Cache worker for file hash cache (C:\Users\basker\.gradle\caches\5.6.4\fileHashes)" [_thread_blocked, id=7288, stack(0x000000001be30000,0x000000001bf30000)]
  0x0000000019c8f800 JavaThread "Daemon worker" [_thread_blocked, id=8156, stack(0x000000001b830000,0x000000001b930000)]
  0x0000000019bd6800 JavaThread "Daemon" [_thread_blocked, id=10496, stack(0x000000001b330000,0x000000001b430000)]
  0x0000000019c4f800 JavaThread "Daemon periodic checks" [_thread_blocked, id=12160, stack(0x000000001b230000,0x000000001b330000)]
  0x0000000019c08000 JavaThread "Incoming local TCP Connector on port 51658" [_thread_in_native, id=12252, stack(0x000000001aff0000,0x000000001b0f0000)]
  0x0000000019af4000 JavaThread "Daemon health stats" [_thread_blocked, id=11676, stack(0x000000001a9b0000,0x000000001aab0000)]
  0x0000000017c38800 JavaThread "Service Thread" daemon [_thread_blocked, id=2896, stack(0x0000000018010000,0x0000000018110000)]
  0x00000000162c2800 JavaThread "C1 CompilerThread2" daemon [_thread_blocked, id=9048, stack(0x0000000017b10000,0x0000000017c10000)]
  0x00000000162bc800 JavaThread "C2 CompilerThread1" daemon [_thread_blocked, id=9360, stack(0x0000000017a10000,0x0000000017b10000)]
=>0x00000000162b9000 JavaThread "C2 CompilerThread0" daemon [_thread_in_native, id=11624, stack(0x0000000017910000,0x0000000017a10000)]
  0x00000000162c6800 JavaThread "Attach Listener" daemon [_thread_blocked, id=2220, stack(0x0000000017810000,0x0000000017910000)]
  0x00000000162c5800 JavaThread "Signal Dispatcher" daemon [_thread_blocked, id=2496, stack(0x0000000017710000,0x0000000017810000)]
  0x000000000294b800 JavaThread "Finalizer" daemon [_thread_blocked, id=12032, stack(0x0000000017510000,0x0000000017610000)]
  0x00000000162a9000 JavaThread "Reference Handler" daemon [_thread_blocked, id=10836, stack(0x0000000017410000,0x0000000017510000)]
  0x000000000274e000 JavaThread "main" [_thread_blocked, id=6068, stack(0x0000000002750000,0x0000000002850000)]

Other Threads:
  0x0000000016286800 VMThread [stack: 0x0000000017310000,0x0000000017410000] [id=7092]
  0x000000001631e800 WatcherThread [stack: 0x0000000018110000,0x0000000018210000] [id=5260]

VM state:not at safepoint (normal execution)

VM Mutex/Monitor currently owned by a thread: None

heap address: 0x00000000a0000000, size: 1536 MB, Compressed Oops mode: 32-bit
Narrow klass base: 0x0000000000000000, Narrow klass shift: 3
Compressed class space size: 1073741824 Address: 0x0000000100000000

Heap:
 PSYoungGen      total 102912K, used 56918K [0x00000000e0000000, 0x00000000e9080000, 0x0000000100000000)
  eden space 73216K, 43% used [0x00000000e0000000,0x00000000e1ee4b80,0x00000000e4780000)
  from space 29696K, 85% used [0x00000000e4780000,0x00000000e6030f90,0x00000000e6480000)
  to   space 33280K, 0% used [0x00000000e7000000,0x00000000e7000000,0x00000000e9080000)
 ParOldGen       total 81920K, used 54129K [0x00000000a0000000, 0x00000000a5000000, 0x00000000e0000000)
  object space 81920K, 66% used [0x00000000a0000000,0x00000000a34dc590,0x00000000a5000000)
 Metaspace       used 93029K, capacity 97156K, committed 97280K, reserved 1132544K
  class space    used 12439K, capacity 13299K, committed 13312K, reserved 1048576K

Card table byte_map: [0x0000000011d10000,0x0000000012020000] byte_map_base: 0x0000000011810000

Marking Bits: (ParMarkBitMap*) 0x00000000575a9f30
 Begin Bits: [0x0000000012620000, 0x0000000013e20000)
 End Bits:   [0x0000000013e20000, 0x0000000015620000)

Polling page: 0x0000000002600000

CodeCache: size=245760Kb used=32873Kb max_used=32891Kb free=212886Kb
 bounds [0x0000000002950000, 0x00000000049a0000, 0x0000000011950000]
 total_blobs=10507 nmethods=9646 adapters=773
 compilation: enabled

Compilation events (10 events):
Event: 102.565 Thread 0x00000000162bc800 11091       4       java.util.regex.Pattern$CharProperty::match (56 bytes)
Event: 102.569 Thread 0x00000000162bc800 nmethod 11091 0x0000000004992a50 code [0x0000000004992bc0, 0x0000000004992e58]
Event: 102.569 Thread 0x00000000162bc800 11092       4       java.lang.Character::codePointAt (51 bytes)
Event: 102.570 Thread 0x00000000162bc800 nmethod 11092 0x0000000004983c10 code [0x0000000004983d60, 0x0000000004983e78]
Event: 102.570 Thread 0x00000000162bc800 11090       4       java.lang.Character::isHighSurrogate (18 bytes)
Event: 102.570 Thread 0x00000000162bc800 nmethod 11090 0x000000000380c4d0 code [0x000000000380c600, 0x000000000380c658]
Event: 102.570 Thread 0x00000000162bc800 11085       4       kotlin.text.StringsKt__StringsKt::replaceRange (111 bytes)
Event: 102.630 Thread 0x00000000162c2800 11095       3       java.io.FileInputStream::read (9 bytes)
Event: 102.631 Thread 0x00000000162c2800 nmethod 11095 0x0000000004981a10 code [0x0000000004981b80, 0x0000000004981d08]
Event: 102.644 Thread 0x00000000162bc800 nmethod 11085 0x0000000004996390 code [0x0000000004996560, 0x0000000004997f78]

GC Heap History (10 events):
Event: 89.723 GC heap before
{Heap before GC invocations=38 (full 3):
 PSYoungGen      total 83968K, used 81883K [0x00000000e0000000, 0x00000000e6480000, 0x0000000100000000)
  eden space 69120K, 100% used [0x00000000e0000000,0x00000000e4380000,0x00000000e4380000)
  from space 14848K, 85% used [0x00000000e5380000,0x00000000e5ff6f98,0x00000000e6200000)
  to   space 16384K, 0% used [0x00000000e4380000,0x00000000e4380000,0x00000000e5380000)
 ParOldGen       total 81920K, used 44407K [0x00000000a0000000, 0x00000000a5000000, 0x00000000e0000000)
  object space 81920K, 54% used [0x00000000a0000000,0x00000000a2b5df58,0x00000000a5000000)
 Metaspace       used 77988K, capacity 81356K, committed 81536K, reserved 1120256K
  class space    used 10348K, capacity 11028K, committed 11136K, reserved 1048576K
Event: 89.773 GC heap after
Heap after GC invocations=38 (full 3):
 PSYoungGen      total 85504K, used 16131K [0x00000000e0000000, 0x00000000e6d00000, 0x0000000100000000)
  eden space 69120K, 0% used [0x00000000e0000000,0x00000000e0000000,0x00000000e4380000)
  from space 16384K, 98% used [0x00000000e4380000,0x00000000e5340f50,0x00000000e5380000)
  to   space 18944K, 0% used [0x00000000e5a80000,0x00000000e5a80000,0x00000000e6d00000)
 ParOldGen       total 81920K, used 44415K [0x00000000a0000000, 0x00000000a5000000, 0x00000000e0000000)
  object space 81920K, 54% used [0x00000000a0000000,0x00000000a2b5ff58,0x00000000a5000000)
 Metaspace       used 77988K, capacity 81356K, committed 81536K, reserved 1120256K
  class space    used 10348K, capacity 11028K, committed 11136K, reserved 1048576K
}
Event: 92.586 GC heap before
{Heap before GC invocations=39 (full 3):
 PSYoungGen      total 85504K, used 85251K [0x00000000e0000000, 0x00000000e6d00000, 0x0000000100000000)
  eden space 69120K, 100% used [0x00000000e0000000,0x00000000e4380000,0x00000000e4380000)
  from space 16384K, 98% used [0x00000000e4380000,0x00000000e5340f50,0x00000000e5380000)
  to   space 18944K, 0% used [0x00000000e5a80000,0x00000000e5a80000,0x00000000e6d00000)
 ParOldGen       total 81920K, used 44415K [0x00000000a0000000, 0x00000000a5000000, 0x00000000e0000000)
  object space 81920K, 54% used [0x00000000a0000000,0x00000000a2b5ff58,0x00000000a5000000)
 Metaspace       used 83709K, capacity 87054K, committed 87296K, reserved 1124352K
  class space    used 11025K, capacity 11721K, committed 11776K, reserved 1048576K
Event: 92.633 GC heap after
Heap after GC invocations=39 (full 3):
 PSYoungGen      total 88064K, used 18928K [0x00000000e0000000, 0x00000000e7780000, 0x0000000100000000)
  eden space 69120K, 0% used [0x00000000e0000000,0x00000000e0000000,0x00000000e4380000)
  from space 18944K, 99% used [0x00000000e5a80000,0x00000000e6cfc130,0x00000000e6d00000)
  to   space 23552K, 0% used [0x00000000e4380000,0x00000000e4380000,0x00000000e5a80000)
 ParOldGen       total 81920K, used 49238K [0x00000000a0000000, 0x00000000a5000000, 0x00000000e0000000)
  object space 81920K, 60% used [0x00000000a0000000,0x00000000a30159f0,0x00000000a5000000)
 Metaspace       used 83709K, capacity 87054K, committed 87296K, reserved 1124352K
  class space    used 11025K, capacity 11721K, committed 11776K, reserved 1048576K
}
Event: 95.562 GC heap before
{Heap before GC invocations=40 (full 3):
 PSYoungGen      total 88064K, used 88048K [0x00000000e0000000, 0x00000000e7780000, 0x0000000100000000)
  eden space 69120K, 100% used [0x00000000e0000000,0x00000000e4380000,0x00000000e4380000)
  from space 18944K, 99% used [0x00000000e5a80000,0x00000000e6cfc130,0x00000000e6d00000)
  to   space 23552K, 0% used [0x00000000e4380000,0x00000000e4380000,0x00000000e5a80000)
 ParOldGen       total 81920K, used 49238K [0x00000000a0000000, 0x00000000a5000000, 0x00000000e0000000)
  object space 81920K, 60% used [0x00000000a0000000,0x00000000a30159f0,0x00000000a5000000)
 Metaspace       used 88718K, capacity 92614K, committed 92800K, reserved 1130496K
  class space    used 11868K, capacity 12670K, committed 12672K, reserved 1048576K
Event: 95.607 GC heap after
Heap after GC invocations=40 (full 3):
 PSYoungGen      total 92672K, used 21599K [0x00000000e0000000, 0x00000000e7e80000, 0x0000000100000000)
  eden space 69120K, 0% used [0x00000000e0000000,0x00000000e0000000,0x00000000e4380000)
  from space 23552K, 91% used [0x00000000e4380000,0x00000000e5897ec0,0x00000000e5a80000)
  to   space 26624K, 0% used [0x00000000e6480000,0x00000000e6480000,0x00000000e7e80000)
 ParOldGen       total 81920K, used 54113K [0x00000000a0000000, 0x00000000a5000000, 0x00000000e0000000)
  object space 81920K, 66% used [0x00000000a0000000,0x00000000a34d8590,0x00000000a5000000)
 Metaspace       used 88718K, capacity 92614K, committed 92800K, reserved 1130496K
  class space    used 11868K, capacity 12670K, committed 12672K, reserved 1048576K
}
Event: 99.703 GC heap before
{Heap before GC invocations=41 (full 3):
 PSYoungGen      total 92672K, used 90719K [0x00000000e0000000, 0x00000000e7e80000, 0x0000000100000000)
  eden space 69120K, 100% used [0x00000000e0000000,0x00000000e4380000,0x00000000e4380000)
  from space 23552K, 91% used [0x00000000e4380000,0x00000000e5897ec0,0x00000000e5a80000)
  to   space 26624K, 0% used [0x00000000e6480000,0x00000000e6480000,0x00000000e7e80000)
 ParOldGen       total 81920K, used 54113K [0x00000000a0000000, 0x00000000a5000000, 0x00000000e0000000)
  object space 81920K, 66% used [0x00000000a0000000,0x00000000a34d8590,0x00000000a5000000)
 Metaspace       used 91905K, capacity 95824K, committed 96128K, reserved 1132544K
  class space    used 12342K, capacity 13159K, committed 13184K, reserved 1048576K
Event: 99.739 GC heap after
Heap after GC invocations=41 (full 3):
 PSYoungGen      total 99840K, used 23801K [0x00000000e0000000, 0x00000000e8480000, 0x0000000100000000)
  eden space 73216K, 0% used [0x00000000e0000000,0x00000000e0000000,0x00000000e4780000)
  from space 26624K, 89% used [0x00000000e6480000,0x00000000e7bbe6f8,0x00000000e7e80000)
  to   space 29696K, 0% used [0x00000000e4780000,0x00000000e4780000,0x00000000e6480000)
 ParOldGen       total 81920K, used 54121K [0x00000000a0000000, 0x00000000a5000000, 0x00000000e0000000)
  object space 81920K, 66% used [0x00000000a0000000,0x00000000a34da590,0x00000000a5000000)
 Metaspace       used 91905K, capacity 95824K, committed 96128K, reserved 1132544K
  class space    used 12342K, capacity 13159K, committed 13184K, reserved 1048576K
}
Event: 102.167 GC heap before
{Heap before GC invocations=42 (full 3):
 PSYoungGen      total 99840K, used 97017K [0x00000000e0000000, 0x00000000e8480000, 0x0000000100000000)
  eden space 73216K, 100% used [0x00000000e0000000,0x00000000e4780000,0x00000000e4780000)
  from space 26624K, 89% used [0x00000000e6480000,0x00000000e7bbe6f8,0x00000000e7e80000)
  to   space 29696K, 0% used [0x00000000e4780000,0x00000000e4780000,0x00000000e6480000)
 ParOldGen       total 81920K, used 54121K [0x00000000a0000000, 0x00000000a5000000, 0x00000000e0000000)
  object space 81920K, 66% used [0x00000000a0000000,0x00000000a34da590,0x00000000a5000000)
 Metaspace       used 92972K, capacity 97022K, committed 97280K, reserved 1132544K
  class space    used 12438K, capacity 13298K, committed 13312K, reserved 1048576K
Event: 102.216 GC heap after
Heap after GC invocations=42 (full 3):
 PSYoungGen      total 102912K, used 25283K [0x00000000e0000000, 0x00000000e9080000, 0x0000000100000000)
  eden space 73216K, 0% used [0x00000000e0000000,0x00000000e0000000,0x00000000e4780000)
  from space 29696K, 85% used [0x00000000e4780000,0x00000000e6030f90,0x00000000e6480000)
  to   space 33280K, 0% used [0x00000000e7000000,0x00000000e7000000,0x00000000e9080000)
 ParOldGen       total 81920K, used 54129K [0x00000000a0000000, 0x00000000a5000000, 0x00000000e0000000)
  object space 81920K, 66% used [0x00000000a0000000,0x00000000a34dc590,0x00000000a5000000)
 Metaspace       used 92972K, capacity 97022K, committed 97280K, reserved 1132544K
  class space    used 12438K, capacity 13298K, committed 13312K, reserved 1048576K
}

Deoptimization events (10 events):
Event: 101.800 Thread 0x0000000018c95800 Uncommon trap: reason=unstable_if action=reinterpret pc=0x00000000036a3bb8 method=com.esotericsoftware.kryo.io.Output.writeString(Ljava/lang/CharSequence;)V @ 50
Event: 101.806 Thread 0x0000000018c95800 Uncommon trap: reason=unstable_if action=reinterpret pc=0x0000000003432a24 method=com.esotericsoftware.kryo.io.Output.writeString(Ljava/lang/CharSequence;)V @ 50
Event: 102.329 Thread 0x0000000018c9a000 Uncommon trap: reason=unstable_if action=reinterpret pc=0x0000000002ba5044 method=sun.nio.cs.UTF_8$Decoder.decode([BII[C)I @ 30
Event: 102.329 Thread 0x0000000018c9a000 Uncommon trap: reason=unstable_if action=reinterpret pc=0x000000000347f5b8 method=java.util.regex.Pattern$BitClass.isSatisfiedBy(I)Z @ 4
Event: 102.330 Thread 0x0000000018c9a000 Uncommon trap: reason=unstable_if action=reinterpret pc=0x0000000003df9acc method=java.util.regex.Pattern$Ctype.isSatisfiedBy(I)Z @ 4
Event: 102.546 Thread 0x0000000018c9a000 Uncommon trap: reason=unstable_if action=reinterpret pc=0x000000000496bc2c method=java.lang.Character.isSurrogate(C)Z @ 3
Event: 102.546 Thread 0x0000000018c9a000 Uncommon trap: reason=unstable_if action=reinterpret pc=0x000000000389ec30 method=java.lang.Character.isSurrogate(C)Z @ 3
Event: 102.549 Thread 0x0000000018c9a000 Uncommon trap: reason=unstable_if action=reinterpret pc=0x0000000004968a10 method=java.lang.Character.isSurrogate(C)Z @ 3
Event: 102.549 Thread 0x0000000018c9a000 Uncommon trap: reason=unstable_if action=reinterpret pc=0x0000000003d90858 method=java.lang.Character.isHighSurrogate(C)Z @ 3
Event: 102.550 Thread 0x0000000018c9a000 Uncommon trap: reason=unstable_if action=reinterpret pc=0x00000000031bc8b0 method=java.lang.Character.isHighSurrogate(C)Z @ 3

Classes redefined (0 events):
No events

Internal exceptions (10 events):
Event: 98.326 Thread 0x0000000019c8f800 Exception <a 'java/lang/ClassNotFoundException': com/android/build/gradle/tasks/factory/AndroidUnitTest_DecoratedBeanInfo> (0x00000000e1f135b8) thrown at [D:\src\AOSP-openjdk-cygwin\jdk8u\hotspot\src\share\vm\classfile\systemDictionary.cpp, line 210]
Event: 98.327 Thread 0x0000000019c8f800 Exception <a 'java/lang/ClassNotFoundException': com/android/build/gradle/tasks/factory/AndroidUnitTestBeanInfo> (0x00000000e1f2da50) thrown at [D:\src\AOSP-openjdk-cygwin\jdk8u\hotspot\src\share\vm\classfile\systemDictionary.cpp, line 210]
Event: 98.327 Thread 0x0000000019c8f800 Exception <a 'java/lang/ClassNotFoundException': com/android/build/gradle/tasks/factory/AndroidUnitTestCustomizer> (0x00000000e1f48a10) thrown at [D:\src\AOSP-openjdk-cygwin\jdk8u\hotspot\src\share\vm\classfile\systemDictionary.cpp, line 210]
Event: 98.329 Thread 0x0000000019c8f800 Exception <a 'java/lang/ClassNotFoundException': com/android/build/gradle/tasks/factory/AndroidUnitTest_DecoratedCustomizer> (0x00000000e1f88ef8) thrown at [D:\src\AOSP-openjdk-cygwin\jdk8u\hotspot\src\share\vm\classfile\systemDictionary.cpp, line 210]
Event: 98.496 Thread 0x0000000019c8f800 Exception <a 'java/lang/ClassNotFoundException': com/sun/org/glassfish/hk2/osgiresourcelocator/ServiceLoader> (0x00000000e2406ab0) thrown at [D:\src\AOSP-openjdk-cygwin\jdk8u\hotspot\src\share\vm\classfile\systemDictionary.cpp, line 210]
Event: 98.571 Thread 0x0000000019c8f800 Exception <a 'java/lang/NullPointerException'> (0x00000000e28db5f0) thrown at [D:\src\AOSP-openjdk-cygwin\jdk8u\hotspot\src\share\vm\interpreter\linkResolver.cpp, line 1287]
Event: 100.375 Thread 0x0000000018c9a000 Exception <a 'sun/nio/fs/WindowsException'> (0x00000000e14c0080) thrown at [D:\src\AOSP-openjdk-cygwin\jdk8u\hotspot\src\share\vm\prims\jni.cpp, line 710]
Event: 100.477 Thread 0x0000000018c99800 Exception <a 'sun/nio/fs/WindowsException'> (0x00000000e1b71cc8) thrown at [D:\src\AOSP-openjdk-cygwin\jdk8u\hotspot\src\share\vm\prims\jni.cpp, line 710]
Event: 101.939 Thread 0x0000000018c9b000 Exception <a 'sun/nio/fs/WindowsException'> (0x00000000e29b1ce0) thrown at [D:\src\AOSP-openjdk-cygwin\jdk8u\hotspot\src\share\vm\prims\jni.cpp, line 710]
Event: 102.563 Thread 0x0000000018c9a000 Exception <a 'sun/nio/fs/WindowsException'> (0x00000000e1e936a0) thrown at [D:\src\AOSP-openjdk-cygwin\jdk8u\hotspot\src\share\vm\prims\jni.cpp, line 710]

Events (10 events):
Event: 102.546 Thread 0x0000000018c9a000 DEOPT UNPACKING pc=0x000000000299557b sp=0x0000000026deb8e0 mode 2
Event: 102.549 Thread 0x0000000018c9a000 Uncommon trap: trap_request=0xffffff65 fr.pc=0x0000000004968a10
Event: 102.549 Thread 0x0000000018c9a000 DEOPT PACKING pc=0x0000000004968a10 sp=0x0000000026deb9a0
Event: 102.549 Thread 0x0000000018c9a000 DEOPT UNPACKING pc=0x000000000299557b sp=0x0000000026deb8f0 mode 2
Event: 102.549 Thread 0x0000000018c9a000 Uncommon trap: trap_request=0xffffff65 fr.pc=0x0000000003d90858
Event: 102.549 Thread 0x0000000018c9a000 DEOPT PACKING pc=0x0000000003d90858 sp=0x0000000026deb9c0
Event: 102.549 Thread 0x0000000018c9a000 DEOPT UNPACKING pc=0x000000000299557b sp=0x0000000026deb8a0 mode 2
Event: 102.550 Thread 0x0000000018c9a000 Uncommon trap: trap_request=0xffffff65 fr.pc=0x00000000031bc8b0
Event: 102.550 Thread 0x0000000018c9a000 DEOPT PACKING pc=0x00000000031bc8b0 sp=0x0000000026deb940
Event: 102.550 Thread 0x0000000018c9a000 DEOPT UNPACKING pc=0x000000000299557b sp=0x0000000026deb888 mode 2


Dynamic libraries:
0x00007ff61a420000 - 0x00007ff61a451000 	C:\Program Files\Android\Android Studio\jre\bin\java.exe
0x00007ffa7e540000 - 0x00007ffa7e72d000 	C:\WINDOWS\SYSTEM32\ntdll.dll
0x00007ffa7da90000 - 0x00007ffa7db43000 	C:\WINDOWS\System32\KERNEL32.DLL
0x00007ffa7b4c0000 - 0x00007ffa7b753000 	C:\WINDOWS\System32\KERNELBASE.dll
0x00007ffa7e2c0000 - 0x00007ffa7e363000 	C:\WINDOWS\System32\ADVAPI32.dll
0x00007ffa7b760000 - 0x00007ffa7b7fe000 	C:\WINDOWS\System32\msvcrt.dll
0x00007ffa7def0000 - 0x00007ffa7df8e000 	C:\WINDOWS\System32\sechost.dll
0x00007ffa7d4d0000 - 0x00007ffa7d5f2000 	C:\WINDOWS\System32\RPCRT4.dll
0x00007ffa7e370000 - 0x00007ffa7e507000 	C:\WINDOWS\System32\USER32.dll
0x00007ffa7a600000 - 0x00007ffa7a620000 	C:\WINDOWS\System32\win32u.dll
0x00007ffa7bbe0000 - 0x00007ffa7bc09000 	C:\WINDOWS\System32\GDI32.dll
0x00007ffa7a640000 - 0x00007ffa7a7d9000 	C:\WINDOWS\System32\gdi32full.dll
0x00007ffa7a9e0000 - 0x00007ffa7aa80000 	C:\WINDOWS\System32\msvcp_win.dll
0x00007ffa7a860000 - 0x00007ffa7a95a000 	C:\WINDOWS\System32\ucrtbase.dll
0x00007ffa68590000 - 0x00007ffa68809000 	C:\WINDOWS\WinSxS\amd64_microsoft.windows.common-controls_6595b64144ccf1df_6.0.17763.973_none_05b245900721eb81\COMCTL32.dll
0x00007ffa7d140000 - 0x00007ffa7d46c000 	C:\WINDOWS\System32\combase.dll
0x00007ffa7a7e0000 - 0x00007ffa7a85e000 	C:\WINDOWS\System32\bcryptPrimitives.dll
0x00007ffa7bc10000 - 0x00007ffa7bc3e000 	C:\WINDOWS\System32\IMM32.DLL
0x0000000056bf0000 - 0x0000000056cc2000 	C:\Program Files\Android\Android Studio\jre\jre\bin\msvcr100.dll
0x0000000056de0000 - 0x0000000057626000 	C:\Program Files\Android\Android Studio\jre\jre\bin\server\jvm.dll
0x00007ffa7bb50000 - 0x00007ffa7bb58000 	C:\WINDOWS\System32\PSAPI.DLL
0x00007ffa786e0000 - 0x00007ffa78704000 	C:\WINDOWS\SYSTEM32\WINMM.dll
0x00007ffa6f390000 - 0x00007ffa6f39a000 	C:\WINDOWS\SYSTEM32\VERSION.dll
0x00007ffa6bf80000 - 0x00007ffa6bf89000 	C:\WINDOWS\SYSTEM32\WSOCK32.dll
0x00007ffa7e230000 - 0x00007ffa7e29d000 	C:\WINDOWS\System32\WS2_32.dll
0x00007ffa786b0000 - 0x00007ffa786dd000 	C:\WINDOWS\SYSTEM32\WINMMBASE.dll
0x00007ffa7a960000 - 0x00007ffa7a9aa000 	C:\WINDOWS\System32\cfgmgr32.dll
0x00007ffa76b90000 - 0x00007ffa76b9f000 	C:\Program Files\Android\Android Studio\jre\jre\bin\verify.dll
0x00007ffa71c50000 - 0x00007ffa71c79000 	C:\Program Files\Android\Android Studio\jre\jre\bin\java.dll
0x00007ffa742e0000 - 0x00007ffa742f6000 	C:\Program Files\Android\Android Studio\jre\jre\bin\zip.dll
0x00007ffa7bc40000 - 0x00007ffa7d134000 	C:\WINDOWS\System32\SHELL32.dll
0x00007ffa7e180000 - 0x00007ffa7e228000 	C:\WINDOWS\System32\shcore.dll
0x00007ffa7ab30000 - 0x00007ffa7b27d000 	C:\WINDOWS\System32\windows.storage.dll
0x00007ffa7a590000 - 0x00007ffa7a5b4000 	C:\WINDOWS\System32\profapi.dll
0x00007ffa7a530000 - 0x00007ffa7a58d000 	C:\WINDOWS\System32\powrprof.dll
0x00007ffa7b800000 - 0x00007ffa7b852000 	C:\WINDOWS\System32\shlwapi.dll
0x00007ffa7a5c0000 - 0x00007ffa7a5d1000 	C:\WINDOWS\System32\kernel.appcore.dll
0x00007ffa7a620000 - 0x00007ffa7a637000 	C:\WINDOWS\System32\cryptsp.dll
0x00007ffa71e90000 - 0x00007ffa71eaa000 	C:\Program Files\Android\Android Studio\jre\jre\bin\net.dll
0x00007ffa74430000 - 0x00007ffa74607000 	C:\WINDOWS\SYSTEM32\urlmon.dll
0x00007ffa71220000 - 0x00007ffa714c8000 	C:\WINDOWS\SYSTEM32\iertutil.dll
0x00007ffa79f10000 - 0x00007ffa79f1c000 	C:\WINDOWS\SYSTEM32\CRYPTBASE.DLL
0x00007ffa79d40000 - 0x00007ffa79da7000 	C:\WINDOWS\system32\mswsock.dll
0x00007ffa71b40000 - 0x00007ffa71b53000 	C:\Program Files\Android\Android Studio\jre\jre\bin\nio.dll
0x00007ffa56dc0000 - 0x00007ffa56de6000 	C:\Users\basker\.gradle\native\30\windows-amd64\native-platform.dll
0x00007ffa71ce0000 - 0x00007ffa71ced000 	C:\Program Files\Android\Android Studio\jre\jre\bin\management.dll
0x00007ffa798c0000 - 0x00007ffa798f3000 	C:\WINDOWS\system32\rsaenh.dll
0x00007ffa7a9b0000 - 0x00007ffa7a9d6000 	C:\WINDOWS\System32\bcrypt.dll
0x00007ffa7a430000 - 0x00007ffa7a458000 	C:\WINDOWS\SYSTEM32\USERENV.dll
0x00007ffa79a60000 - 0x00007ffa79a9d000 	C:\WINDOWS\SYSTEM32\IPHLPAPI.DLL
0x00007ffa7b9e0000 - 0x00007ffa7b9e8000 	C:\WINDOWS\System32\NSI.dll
0x00007ffa714d0000 - 0x00007ffa714e6000 	C:\WINDOWS\SYSTEM32\dhcpcsvc6.DLL
0x00007ffa735b0000 - 0x00007ffa735cc000 	C:\WINDOWS\SYSTEM32\dhcpcsvc.DLL
0x00007ffa79aa0000 - 0x00007ffa79b66000 	C:\WINDOWS\SYSTEM32\DNSAPI.dll
0x00007ffa6f000000 - 0x00007ffa6f024000 	C:\Program Files\Android\Android Studio\jre\jre\bin\sunec.dll
0x00007ffa6cd90000 - 0x00007ffa6cd9a000 	C:\Windows\System32\rasadhlp.dll
0x00007ffa6d6f0000 - 0x00007ffa6d769000 	C:\WINDOWS\System32\fwpuclnt.dll
0x00007ffa71c40000 - 0x00007ffa71c4b000 	C:\Program Files\Android\Android Studio\jre\jre\bin\sunmscapi.dll
0x00007ffa7b280000 - 0x00007ffa7b45c000 	C:\WINDOWS\System32\CRYPT32.dll
0x00007ffa7a5e0000 - 0x00007ffa7a5f2000 	C:\WINDOWS\System32\MSASN1.dll
0x00007ffa795a0000 - 0x00007ffa795d1000 	C:\WINDOWS\SYSTEM32\ntmarta.dll

VM Arguments:
jvm_args: -Xmx1536m -Dfile.encoding=windows-1252 -Duser.country=US -Duser.language=en -Duser.variant 
java_command: org.gradle.launcher.daemon.bootstrap.GradleDaemon 5.6.4
java_class_path (initial): C:\Users\basker\.gradle\wrapper\dists\gradle-5.6.4-all\ankdp27end7byghfw1q2sw75f\gradle-5.6.4\lib\gradle-launcher-5.6.4.jar
Launcher Type: SUN_STANDARD

Environment Variables:
PATH=C:\Program Files (x86)\Common Files\Oracle\Java\javapath;C:\Program Files (x86)\NVIDIA Corporation\PhysX\Common;C:\Program Files (x86)\Intel\iCLS Client\;C:\Program Files\Intel\iCLS Client\;C:\WINDOWS\system32;C:\WINDOWS;C:\WINDOWS\System32\Wbem;C:\WINDOWS\System32\WindowsPowerShell\v1.0\;C:\Program Files\Intel\Intel(R) Management Engine Components\DAL;C:\Program Files\Intel\Intel(R) Management Engine Components\IPT;C:\Program Files (x86)\Intel\Intel(R) Management Engine Components\DAL;C:\Program Files (x86)\Intel\Intel(R) Management Engine Components\IPT;C:\Program Files (x86)\Intel\OpenCL SDK\2.0\bin\x86;C:\Program Files (x86)\Intel\OpenCL SDK\2.0\bin\x64;C:\Program Files\Lenovo\Bluetooth Software\;C:\Program Files\Lenovo\Bluetooth Software\syswow64;C:\WINDOWS\System32\OpenSSH\;C:\Program Files\nodejs\;C:\Users\basker\AppData\Local\Android\Sdk\platforms;C:\Users\basker\AppData\Local\Android\Sdk\platform-tools;C:\Users\basker\.gradle\wrapper\dists\gradle-5.6.4-all\ankdp27end7byghfw1q2sw75f\gradle-5.6.4\bin;C:\Program Files\Git\cmd;C:\Program Files\MySQL\MySQL Shell 8.0\bin\;C:\Users\basker\AppData\Local\Microsoft\WindowsApps;C:\Users\basker\AppData\Roaming\npm;C:\Users\basker\AppData\Local\Programs\Microsoft VS Code\bin;C:\Users\basker\.gradle\wrapper\dists\gradle-5.6.4-all\ankdp27end7byghfw1q2sw75f\gradle-5.6.4\bin;
USERNAME=basker
OS=Windows_NT
PROCESSOR_IDENTIFIER=Intel64 Family 6 Model 58 Stepping 9, GenuineIntel



---------------  S Y S T E M  ---------------

OS: Windows 10.0 , 64 bit Build 17763 (10.0.17763.475)

CPU:total 4 (initial active 4) (2 cores per cpu, 2 threads per core) family 6 model 58 stepping 9, cmov, cx8, fxsr, mmx, sse, sse2, sse3, ssse3, sse4.1, sse4.2, popcnt, avx, aes, clmul, erms, ht, tsc, tscinvbit, tscinv

Memory: 4k page, physical 4056852k(236644k free), swap 5481236k(5912k free)

vm_info: OpenJDK 64-Bit Server VM (25.212-b04) for windows-amd64 JRE (1.8.0_212-release-1586-b04), built by "builder" with MS VC++ 10.0 (VS2010)

time: Tue Jul 21 19:15:13 2020
timezone: India Standard Time
elapsed time: 102 seconds (0d 0h 1m 42s)

